Watching for file changes with StatReloader
Waiting for apps ready_event.
Apps ready_event triggered. Sending autoreload_started signal.
Watching dir C:\projects\django\studies\logger\logger\templates with glob **/*.
Watching dir C:\projects\django\studies\logger\logger\locale with glob **/*.mo.
Watching dir C:\projects\django\studies\logger\logger\todo\locale with glob **/*.mo.
File C:\projects\django\studies\logger\Lib\site-packages\django\conf\__init__.py first seen with mtime 1665294323.7302465
File C:\Users\MO-SALAH\AppData\Local\Programs\Python\Python310\Lib\copy.py first seen with mtime 1659416368.0
File C:\projects\django\studies\logger\Lib\site-packages\django\db\models\options.py first seen with mtime 1665294326.5776365
File C:\projects\django\studies\logger\Lib\site-packages\sqlparse\sql.py first seen with mtime 1665294323.3791363
File C:\projects\django\studies\logger\Lib\site-packages\django\templatetags\i18n.py first seen with mtime 1665294326.7803476
File C:\projects\django\studies\logger\Lib\site-packages\django\contrib\auth\validators.py first seen with mtime 1665294324.5762458
File C:\projects\django\studies\logger\Lib\site-packages\django\forms\__init__.py first seen with mtime 1665294326.5976362
File C:\projects\django\studies\logger\Lib\site-packages\django\core\servers\__init__.py first seen with mtime 1665294326.5226371
File C:\projects\django\studies\logger\Lib\site-packages\django\utils\version.py first seen with mtime 1665294326.8208134
File C:\projects\django\studies\logger\Lib\site-packages\django\db\models\functions\text.py first seen with mtime 1665294326.5896356
File C:\projects\django\studies\logger\Lib\site-packages\django\template\context.py first seen with mtime 1665294326.7642403
File C:\Users\MO-SALAH\AppData\Local\Programs\Python\Python310\Lib\importlib\__init__.py first seen with mtime 1659416368.0
File C:\Users\MO-SALAH\AppData\Local\Programs\Python\Python310\Lib\hmac.py first seen with mtime 1659416368.0
File C:\Users\MO-SALAH\AppData\Local\Programs\Python\Python310\Lib\email\contentmanager.py first seen with mtime 1659416368.0
File C:\projects\django\studies\logger\Lib\site-packages\django\core\checks\files.py first seen with mtime 1665294326.4616356
File C:\projects\django\studies\logger\Lib\site-packages\asgiref\local.py first seen with mtime 1665294323.6081724
File C:\Users\MO-SALAH\AppData\Local\Programs\Python\Python310\Lib\pkgutil.py first seen with mtime 1659416368.0
File C:\projects\django\studies\logger\Lib\site-packages\django\forms\widgets.py first seen with mtime 1665294326.6036358
File C:\projects\django\studies\logger\Lib\site-packages\django\template\smartif.py first seen with mtime 1665294326.7710316
File C:\Users\MO-SALAH\AppData\Local\Programs\Python\Python310\Lib\asyncio\base_events.py first seen with mtime 1659416368.0
File C:\Users\MO-SALAH\AppData\Local\Programs\Python\Python310\Lib\argparse.py first seen with mtime 1659416368.0
File C:\Users\MO-SALAH\AppData\Local\Programs\Python\Python310\Lib\uu.py first seen with mtime 1659416368.0
File C:\Users\MO-SALAH\AppData\Local\Programs\Python\Python310\Lib\asyncio\base_tasks.py first seen with mtime 1659416368.0
File C:\projects\django\studies\logger\Lib\site-packages\django\utils\encoding.py first seen with mtime 1665294326.8058133
File C:\projects\django\studies\logger\Lib\site-packages\django\contrib\sessions\__init__.py first seen with mtime 1665294326.0194263
File C:\projects\django\studies\logger\Lib\site-packages\django\utils\translation\trans_real.py first seen with mtime 1665294326.8248136
File C:\projects\django\studies\logger\Lib\site-packages\django\db\models\fields\json.py first seen with mtime 1665294326.582637
File C:\Users\MO-SALAH\AppData\Local\Programs\Python\Python310\Lib\asyncio\base_futures.py first seen with mtime 1659416368.0
File C:\projects\django\studies\logger\Lib\site-packages\django\dispatch\__init__.py first seen with mtime 1665294326.5956357
File C:\projects\django\studies\logger\Lib\site-packages\django\db\models\functions\__init__.py first seen with mtime 1665294326.586636
File C:\Users\MO-SALAH\AppData\Local\Programs\Python\Python310\Lib\sqlite3\dbapi2.py first seen with mtime 1659416368.0
File C:\projects\django\studies\logger\Lib\site-packages\sqlparse\engine\filter_stack.py first seen with mtime 1665294323.38614
File C:\projects\django\studies\logger\Lib\site-packages\django\contrib\messages\storage\base.py first seen with mtime 1665294325.671426
File C:\projects\django\studies\logger\Lib\site-packages\django\templatetags\static.py first seen with mtime 1665294326.782351
File C:\Users\MO-SALAH\AppData\Local\Programs\Python\Python310\Lib\json\scanner.py first seen with mtime 1659416368.0
File C:\projects\django\studies\logger\Lib\site-packages\django\contrib\sessions\base_session.py first seen with mtime 1665294326.0204256
File C:\projects\django\studies\logger\Lib\site-packages\django\core\mail\__init__.py first seen with mtime 1665294326.4906409
File C:\projects\django\studies\logger\Lib\site-packages\django\template\utils.py first seen with mtime 1665294326.7710316
File C:\projects\django\studies\logger\Lib\site-packages\django\db\models\constraints.py first seen with mtime 1665294326.572636
File C:\projects\django\studies\logger\Lib\site-packages\django\contrib\staticfiles\utils.py first seen with mtime 1665294326.442885
File C:\projects\django\studies\logger\Lib\site-packages\django\contrib\auth\signals.py first seen with mtime 1665294324.5752466
File C:\projects\django\studies\logger\Lib\site-packages\django\db\backends\base\client.py first seen with mtime 1665294326.528636
File C:\projects\django\studies\logger\Lib\site-packages\django\apps\__init__.py first seen with mtime 1665294323.7282522
File C:\projects\django\studies\logger\Lib\site-packages\django\db\backends\base\features.py first seen with mtime 1665294326.5296361
File C:\Users\MO-SALAH\AppData\Local\Programs\Python\Python310\Lib\json\encoder.py first seen with mtime 1659416368.0
File C:\Users\MO-SALAH\AppData\Local\Programs\Python\Python310\Lib\email\__init__.py first seen with mtime 1659416368.0
File C:\Users\MO-SALAH\AppData\Local\Programs\Python\Python310\Lib\asyncio\coroutines.py first seen with mtime 1659416368.0
File C:\projects\django\studies\logger\Lib\site-packages\django\utils\numberformat.py first seen with mtime 1665294326.8158135
File C:\Users\MO-SALAH\AppData\Local\Programs\Python\Python310\Lib\codecs.py first seen with mtime 1659416368.0
File C:\projects\django\studies\logger\Lib\site-packages\django\contrib\messages\__init__.py first seen with mtime 1665294325.6654255
File C:\projects\django\studies\logger\Lib\site-packages\django\template\loaders\cached.py first seen with mtime 1665294326.7773483
File C:\Users\MO-SALAH\AppData\Local\Programs\Python\Python310\Lib\sysconfig.py first seen with mtime 1659416368.0
File C:\Users\MO-SALAH\AppData\Local\Programs\Python\Python310\Lib\asyncio\selector_events.py first seen with mtime 1659416368.0
File C:\Users\MO-SALAH\AppData\Local\Programs\Python\Python310\Lib\html\entities.py first seen with mtime 1659416368.0
File C:\projects\django\studies\logger\Lib\site-packages\django\contrib\sites\shortcuts.py first seen with mtime 1665294326.1804256
File C:\projects\django\studies\logger\Lib\site-packages\django\core\handlers\base.py first seen with mtime 1665294326.4866397
File C:\Users\MO-SALAH\AppData\Local\Programs\Python\Python310\Lib\email\headerregistry.py first seen with mtime 1659416368.0
File C:\projects\django\studies\logger\Lib\site-packages\django\forms\renderers.py first seen with mtime 1665294326.6016355
File C:\projects\django\studies\logger\Lib\site-packages\django\core\servers\basehttp.py first seen with mtime 1665294326.5236356
File C:\Users\MO-SALAH\AppData\Local\Programs\Python\Python310\DLLs\unicodedata.pyd first seen with mtime 1659416400.0
File C:\projects\django\studies\logger\Lib\site-packages\django\db\migrations\migration.py first seen with mtime 1665294326.562636
File C:\projects\django\studies\logger\Lib\site-packages\django\contrib\auth\apps.py first seen with mtime 1665294324.5672462
File C:\projects\django\studies\logger\Lib\site-packages\django\contrib\messages\constants.py first seen with mtime 1665294325.6674266
File C:\projects\django\studies\logger\Lib\site-packages\django\core\checks\security\__init__.py first seen with mtime 1665294326.467636
File C:\projects\django\studies\logger\Lib\site-packages\django\contrib\admin\sites.py first seen with mtime 1665294324.005247
File C:\Users\MO-SALAH\AppData\Local\Programs\Python\Python310\Lib\asyncio\base_subprocess.py first seen with mtime 1659416368.0
File C:\Users\MO-SALAH\AppData\Local\Programs\Python\Python310\Lib\email\mime\text.py first seen with mtime 1659416368.0
File C:\projects\django\studies\logger\Lib\site-packages\django\utils\topological_sort.py first seen with mtime 1665294326.8198135
File C:\projects\django\studies\logger\Lib\site-packages\django\apps\config.py first seen with mtime 1665294323.7292461
File C:\projects\django\studies\logger\Lib\site-packages\django\db\migrations\exceptions.py first seen with mtime 1665294326.5596373
File C:\projects\django\studies\logger\Lib\site-packages\django\utils\_os.py first seen with mtime 1665294326.7958138
File C:\Users\MO-SALAH\AppData\Local\Programs\Python\Python310\DLLs\_uuid.pyd first seen with mtime 1659416398.0
File C:\projects\django\studies\logger\Lib\site-packages\django\contrib\auth\base_user.py first seen with mtime 1665294324.5682461
File C:\projects\django\studies\logger\Lib\site-packages\django\contrib\auth\models.py first seen with mtime 1665294324.5732462
File C:\projects\django\studies\logger\logger\logger\__init__.py first seen with mtime 1665294355.599137
File C:\projects\django\studies\logger\logger\todo\admin.py first seen with mtime 1665306568.5781226
File C:\Users\MO-SALAH\AppData\Local\Programs\Python\Python310\Lib\html\__init__.py first seen with mtime 1659416368.0
File C:\projects\django\studies\logger\Lib\site-packages\django\views\generic\edit.py first seen with mtime 1665294326.835813
File C:\Users\MO-SALAH\AppData\Local\Programs\Python\Python310\Lib\zoneinfo\_tzpath.py first seen with mtime 1659416368.0
File C:\projects\django\studies\logger\Lib\site-packages\django\db\models\functions\comparison.py first seen with mtime 1665294326.587636
File C:\projects\django\studies\logger\Lib\site-packages\sqlparse\cli.py first seen with mtime 1665294323.376136
File C:\projects\django\studies\logger\Lib\site-packages\django\db\backends\sqlite3\operations.py first seen with mtime 1665294326.556636
File C:\Users\MO-SALAH\AppData\Local\Programs\Python\Python310\Lib\asyncio\streams.py first seen with mtime 1659416368.0
File C:\Users\MO-SALAH\AppData\Local\Programs\Python\Python310\Lib\email\mime\message.py first seen with mtime 1659416368.0
File C:\Users\MO-SALAH\AppData\Local\Programs\Python\Python310\Lib\asyncio\windows_events.py first seen with mtime 1659416368.0
File C:\projects\django\studies\logger\Lib\site-packages\django\contrib\staticfiles\checks.py first seen with mtime 1665294326.4398851
File C:\projects\django\studies\logger\Lib\site-packages\django\contrib\admin\views\autocomplete.py first seen with mtime 1665294324.4012465
File C:\projects\django\studies\logger\Lib\site-packages\django\contrib\admin\__init__.py first seen with mtime 1665294323.9982467
File C:\projects\django\studies\logger\Lib\site-packages\django\middleware\csrf.py first seen with mtime 1665294326.7586408
File C:\projects\django\studies\logger\Lib\site-packages\django\template\loaders\app_directories.py first seen with mtime 1665294326.7763474
File C:\Users\MO-SALAH\AppData\Local\Programs\Python\Python310\Lib\weakref.py first seen with mtime 1659416368.0
File C:\projects\django\studies\logger\Lib\site-packages\django\db\models\fields\related_lookups.py first seen with mtime 1665294326.585636
File C:\projects\django\studies\logger\Lib\site-packages\django\views\generic\detail.py first seen with mtime 1665294326.8348136
File C:\projects\django\studies\logger\Lib\site-packages\django\urls\conf.py first seen with mtime 1665294326.7913475
File C:\Users\MO-SALAH\AppData\Local\Programs\Python\Python310\Lib\random.py first seen with mtime 1659416368.0
File C:\projects\django\studies\logger\Lib\site-packages\django\contrib\admin\widgets.py first seen with mtime 1665294324.007246
File C:\projects\django\studies\logger\Lib\site-packages\django\core\checks\async_checks.py first seen with mtime 1665294326.4596362
File C:\projects\django\studies\logger\Lib\site-packages\django\utils\deconstruct.py first seen with mtime 1665294326.8038101
File C:\Users\MO-SALAH\AppData\Local\Programs\Python\Python310\Lib\difflib.py first seen with mtime 1659416368.0
File C:\projects\django\studies\logger\Lib\site-packages\django\utils\asyncio.py first seen with mtime 1665294326.7978127
File C:\Users\MO-SALAH\AppData\Local\Programs\Python\Python310\Lib\traceback.py first seen with mtime 1659416368.0
File C:\projects\django\studies\logger\Lib\site-packages\django\utils\log.py first seen with mtime 1665294326.8148122
File C:\projects\django\studies\logger\Lib\site-packages\django\utils\formats.py first seen with mtime 1665294326.8068135
File C:\projects\django\studies\logger\Lib\site-packages\django\templatetags\cache.py first seen with mtime 1665294326.7803476
File C:\projects\django\studies\logger\Lib\site-packages\django\views\decorators\common.py first seen with mtime 1665294326.8308136
File C:\Users\MO-SALAH\AppData\Local\Programs\Python\Python310\Lib\asyncio\__init__.py first seen with mtime 1659416368.0
File C:\Users\MO-SALAH\AppData\Local\Programs\Python\Python310\Lib\getpass.py first seen with mtime 1659416368.0
File C:\Users\MO-SALAH\AppData\Local\Programs\Python\Python310\Lib\logging\handlers.py first seen with mtime 1659416368.0
File C:\projects\django\studies\logger\Lib\site-packages\sqlparse\utils.py first seen with mtime 1665294323.380136
File C:\projects\django\studies\logger\Lib\site-packages\django\core\__init__.py first seen with mtime 1665294326.4488857
File C:\projects\django\studies\logger\Lib\site-packages\sqlparse\filters\output.py first seen with mtime 1665294323.390137
File C:\projects\django\studies\logger\Lib\site-packages\django\core\checks\model_checks.py first seen with mtime 1665294326.4626355
File C:\projects\django\studies\logger\Lib\site-packages\django\db\models\lookups.py first seen with mtime 1665294326.5756357
File C:\Users\MO-SALAH\AppData\Local\Programs\Python\Python310\Lib\socket.py first seen with mtime 1659416368.0
File C:\Users\MO-SALAH\AppData\Local\Programs\Python\Python310\Lib\wsgiref\simple_server.py first seen with mtime 1659416368.0
File C:\projects\django\studies\logger\Lib\site-packages\django\core\handlers\wsgi.py first seen with mtime 1665294326.4896405
File C:\projects\django\studies\logger\Lib\site-packages\django\utils\hashable.py first seen with mtime 1665294326.8078134
File C:\projects\django\studies\logger\Lib\site-packages\django\db\migrations\operations\fields.py first seen with mtime 1665294326.5686362
File C:\projects\django\studies\logger\Lib\site-packages\django\utils\ipv6.py first seen with mtime 1665294326.81281
File C:\Users\MO-SALAH\AppData\Local\Programs\Python\Python310\Lib\encodings\aliases.py first seen with mtime 1659416368.0
File C:\projects\django\studies\logger\Lib\site-packages\django\core\handlers\exception.py first seen with mtime 1665294326.4876406
File C:\projects\django\studies\logger\Lib\site-packages\django\middleware\security.py first seen with mtime 1665294326.7612312
File C:\Users\MO-SALAH\AppData\Local\Programs\Python\Python310\Lib\asyncio\constants.py first seen with mtime 1659416368.0
File C:\Users\MO-SALAH\AppData\Local\Programs\Python\Python310\Lib\multiprocessing\__init__.py first seen with mtime 1659416368.0
File C:\projects\django\studies\logger\Lib\site-packages\django\core\files\temp.py first seen with mtime 1665294326.4746358
File C:\Users\MO-SALAH\AppData\Local\Programs\Python\Python310\Lib\hashlib.py first seen with mtime 1659416368.0
File C:\projects\django\studies\logger\Lib\site-packages\django\utils\dates.py first seen with mtime 1665294326.802811
File C:\projects\django\studies\logger\Lib\site-packages\django\contrib\auth\forms.py first seen with mtime 1665294324.5712476
File C:\Users\MO-SALAH\AppData\Local\Programs\Python\Python310\Lib\ipaddress.py first seen with mtime 1659416368.0
File C:\projects\django\studies\logger\Lib\site-packages\django\utils\decorators.py first seen with mtime 1665294326.8048136
File C:\projects\django\studies\logger\Lib\site-packages\django\contrib\auth\middleware.py first seen with mtime 1665294324.5722466
File C:\projects\django\studies\logger\Lib\site-packages\django\utils\html.py first seen with mtime 1665294326.8088136
File C:\projects\django\studies\logger\Lib\site-packages\django\forms\models.py first seen with mtime 1665294326.6016355
File C:\projects\django\studies\logger\Lib\site-packages\django\db\migrations\operations\__init__.py first seen with mtime 1665294326.567636
File C:\Users\MO-SALAH\AppData\Local\Programs\Python\Python310\Lib\quopri.py first seen with mtime 1659416368.0
File C:\projects\django\studies\logger\Lib\site-packages\django\core\serializers\base.py first seen with mtime 1665294326.519636
File C:\projects\django\studies\logger\Lib\site-packages\django\core\checks\templates.py first seen with mtime 1665294326.4646375
File C:\projects\django\studies\logger\Lib\site-packages\django\contrib\contenttypes\views.py first seen with mtime 1665294324.7322457
File C:\projects\django\studies\logger\Lib\site-packages\django\contrib\admin\templatetags\admin_list.py first seen with mtime 1665294324.3972468
File C:\projects\django\studies\logger\Lib\site-packages\django\db\backends\base\operations.py first seen with mtime 1665294326.5316365
File C:\projects\django\studies\logger\Lib\site-packages\django\core\management\commands\__init__.py first seen with mtime 1665294326.5036361
File C:\projects\django\studies\logger\Lib\site-packages\django\middleware\cache.py first seen with mtime 1665294326.7576406
File C:\Users\MO-SALAH\AppData\Local\Programs\Python\Python310\Lib\html\parser.py first seen with mtime 1659416368.0
File C:\Users\MO-SALAH\AppData\Local\Programs\Python\Python310\Lib\fnmatch.py first seen with mtime 1659416368.0
File C:\projects\django\studies\logger\Lib\site-packages\django\contrib\auth\management\__init__.py first seen with mtime 1665294324.7142465
File C:\projects\django\studies\logger\Lib\site-packages\django\contrib\sessions\models.py first seen with mtime 1665294326.0224264
File C:\Users\MO-SALAH\AppData\Local\Programs\Python\Python310\Lib\lzma.py first seen with mtime 1659416368.0
File C:\Users\MO-SALAH\AppData\Local\Programs\Python\Python310\Lib\functools.py first seen with mtime 1659416368.0
File C:\projects\django\studies\logger\Lib\site-packages\django\db\models\__init__.py first seen with mtime 1665294326.570635
File C:\Users\MO-SALAH\AppData\Local\Programs\Python\Python310\Lib\struct.py first seen with mtime 1659416368.0
File C:\projects\django\studies\logger\Lib\site-packages\django\views\generic\__init__.py first seen with mtime 1665294326.8338137
File C:\projects\django\studies\logger\Lib\site-packages\django\db\backends\sqlite3\base.py first seen with mtime 1665294326.553636
File C:\projects\django\studies\logger\Lib\site-packages\django\contrib\auth\password_validation.py first seen with mtime 1665294324.5742466
File C:\Users\MO-SALAH\AppData\Local\Programs\Python\Python310\DLLs\_bz2.pyd first seen with mtime 1659416398.0
File C:\projects\django\studies\logger\Lib\site-packages\django\core\checks\compatibility\django_4_0.py first seen with mtime 1665294326.4666362
File C:\projects\django\studies\logger\Lib\site-packages\django\utils\functional.py first seen with mtime 1665294326.8078134
File C:\Users\MO-SALAH\AppData\Local\Programs\Python\Python310\Lib\selectors.py first seen with mtime 1659416368.0
File C:\projects\django\studies\logger\Lib\site-packages\django\contrib\__init__.py first seen with mtime 1665294323.9972463
File C:\projects\django\studies\logger\Lib\site-packages\django\db\backends\signals.py first seen with mtime 1665294326.526636
File C:\projects\django\studies\logger\Lib\site-packages\django\core\validators.py first seen with mtime 1665294326.452636
File C:\projects\django\studies\logger\Lib\site-packages\django\db\backends\ddl_references.py first seen with mtime 1665294326.5256362
File C:\Users\MO-SALAH\AppData\Local\Programs\Python\Python310\Lib\ntpath.py first seen with mtime 1659416368.0
File C:\projects\django\studies\logger\Lib\site-packages\django\db\transaction.py first seen with mtime 1665294326.5246358
File C:\projects\django\studies\logger\Lib\site-packages\django\contrib\sites\__init__.py first seen with mtime 1665294326.1754262
File C:\projects\django\studies\logger\Lib\site-packages\django\http\__init__.py first seen with mtime 1665294326.753642
File C:\Users\MO-SALAH\AppData\Local\Programs\Python\Python310\Lib\email\errors.py first seen with mtime 1659416368.0
File C:\Users\MO-SALAH\AppData\Local\Programs\Python\Python310\Lib\genericpath.py first seen with mtime 1659416368.0
File C:\projects\django\studies\logger\Lib\site-packages\django\core\management\commands\runserver.py first seen with mtime 1665294326.5116365
File C:\projects\django\studies\logger\Lib\site-packages\django\core\serializers\python.py first seen with mtime 1665294326.520636
File C:\projects\django\studies\logger\Lib\site-packages\django\template\loaders\filesystem.py first seen with mtime 1665294326.7783492
File C:\Users\MO-SALAH\AppData\Local\Programs\Python\Python310\Lib\site.py first seen with mtime 1659416368.0
File C:\projects\django\studies\logger\Lib\site-packages\django\core\checks\database.py first seen with mtime 1665294326.460636
File C:\projects\django\studies\logger\Lib\site-packages\django\core\cache\utils.py first seen with mtime 1665294326.453636
File C:\projects\django\studies\logger\Lib\site-packages\django\contrib\auth\hashers.py first seen with mtime 1665294324.5722466
File C:\Users\MO-SALAH\AppData\Local\Programs\Python\Python310\Lib\asyncio\subprocess.py first seen with mtime 1659416368.0
File C:\projects\django\studies\logger\Lib\site-packages\django\contrib\messages\api.py first seen with mtime 1665294325.6664262
File C:\projects\django\studies\logger\Lib\site-packages\django\__init__.py first seen with mtime 1665294323.726246
File C:\projects\django\studies\logger\Lib\site-packages\django\forms\forms.py first seen with mtime 1665294326.5996354
File C:\Users\MO-SALAH\AppData\Local\Programs\Python\Python310\Lib\wsgiref\headers.py first seen with mtime 1659416368.0
File C:\Users\MO-SALAH\AppData\Local\Programs\Python\Python310\DLLs\_ctypes.pyd first seen with mtime 1659416398.0
File C:\projects\django\studies\logger\Lib\site-packages\django\db\models\utils.py first seen with mtime 1665294326.580636
File C:\Users\MO-SALAH\AppData\Local\Programs\Python\Python310\Lib\multiprocessing\reduction.py first seen with mtime 1659416368.0
File C:\projects\django\studies\logger\Lib\site-packages\sqlparse\filters\others.py first seen with mtime 1665294323.390137
File C:\Users\MO-SALAH\AppData\Local\Programs\Python\Python310\Lib\concurrent\futures\__init__.py first seen with mtime 1659416368.0
File C:\projects\django\studies\logger\Lib\site-packages\django\core\signals.py first seen with mtime 1665294326.450636
File C:\projects\django\studies\logger\Lib\site-packages\django\template\__init__.py first seen with mtime 1665294326.7622423
File C:\projects\django\studies\logger\Lib\site-packages\django\contrib\contenttypes\fields.py first seen with mtime 1665294324.7302477
File C:\projects\django\studies\logger\Lib\site-packages\django\contrib\staticfiles\__init__.py first seen with mtime 1665294326.438886
File C:\Users\MO-SALAH\AppData\Local\Programs\Python\Python310\Lib\_sitebuiltins.py first seen with mtime 1659416368.0
File C:\projects\django\studies\logger\Lib\site-packages\django\core\cache\backends\base.py first seen with mtime 1665294326.4546356
File C:\projects\django\studies\logger\Lib\site-packages\django\urls\resolvers.py first seen with mtime 1665294326.793801
File C:\projects\django\studies\logger\logger\todo\__init__.py first seen with mtime 1665294439.3043504
File C:\projects\django\studies\logger\Lib\site-packages\django\contrib\admin\exceptions.py first seen with mtime 1665294324.0002453
File C:\Users\MO-SALAH\AppData\Local\Programs\Python\Python310\Lib\statistics.py first seen with mtime 1659416368.0
File C:\projects\django\studies\logger\Lib\site-packages\django\db\backends\base\introspection.py first seen with mtime 1665294326.5306363
File C:\Users\MO-SALAH\AppData\Local\Programs\Python\Python310\Lib\urllib\error.py first seen with mtime 1659416368.0
File C:\Users\MO-SALAH\AppData\Local\Programs\Python\Python310\Lib\email\encoders.py first seen with mtime 1659416368.0
File C:\projects\django\studies\logger\Lib\site-packages\django\db\backends\base\base.py first seen with mtime 1665294326.528636
File C:\projects\django\studies\logger\Lib\site-packages\django\http\response.py first seen with mtime 1665294326.756641
File C:\projects\django\studies\logger\Lib\site-packages\django\contrib\admin\apps.py first seen with mtime 1665294323.9992461
File C:\Users\MO-SALAH\AppData\Local\Programs\Python\Python310\Lib\json\__init__.py first seen with mtime 1659416368.0
File C:\Users\MO-SALAH\AppData\Local\Programs\Python\Python310\Lib\sqlite3\__init__.py first seen with mtime 1659416368.0
File C:\Users\MO-SALAH\AppData\Local\Programs\Python\Python310\Lib\tempfile.py first seen with mtime 1659416368.0
File C:\projects\django\studies\logger\Lib\site-packages\sqlparse\tokens.py first seen with mtime 1665294323.380136
File C:\Users\MO-SALAH\AppData\Local\Programs\Python\Python310\Lib\reprlib.py first seen with mtime 1659416368.0
File C:\Users\MO-SALAH\AppData\Local\Programs\Python\Python310\Lib\asyncio\exceptions.py first seen with mtime 1659416368.0
File C:\projects\django\studies\logger\Lib\site-packages\django\contrib\admin\models.py first seen with mtime 1665294324.0032463
File C:\projects\django\studies\logger\Lib\site-packages\django\core\exceptions.py first seen with mtime 1665294326.4496279
File C:\projects\django\studies\logger\Lib\site-packages\django\contrib\admin\views\main.py first seen with mtime 1665294324.4022462
File C:\Users\MO-SALAH\AppData\Local\Programs\Python\Python310\Lib\wsgiref\util.py first seen with mtime 1659416368.0
File C:\projects\django\studies\logger\Lib\site-packages\django\core\checks\messages.py first seen with mtime 1665294326.4626355
File C:\projects\django\studies\logger\Lib\site-packages\django\core\mail\message.py first seen with mtime 1665294326.4916403
File C:\projects\django\studies\logger\Lib\site-packages\django\views\defaults.py first seen with mtime 1665294326.8268137
File C:\projects\django\studies\logger\Lib\site-packages\django\db\utils.py first seen with mtime 1665294326.5246358
File C:\projects\django\studies\logger\Lib\site-packages\django\db\models\functions\window.py first seen with mtime 1665294326.5896356
File C:\projects\django\studies\logger\Lib\site-packages\django\template\response.py first seen with mtime 1665294326.7700224
File C:\projects\django\studies\logger\Lib\site-packages\django\apps\registry.py first seen with mtime 1665294323.7302465
File C:\projects\django\studies\logger\Lib\site-packages\django\views\__init__.py first seen with mtime 1665294326.8248136
File C:\Users\MO-SALAH\AppData\Local\Programs\Python\Python310\Lib\email\message.py first seen with mtime 1659416368.0
File C:\projects\django\studies\logger\Lib\site-packages\django\contrib\admin\templatetags\base.py first seen with mtime 1665294324.399247
File C:\Users\MO-SALAH\AppData\Local\Programs\Python\Python310\Lib\heapq.py first seen with mtime 1659416368.0
File C:\projects\django\studies\logger\Lib\site-packages\django\urls\base.py first seen with mtime 1665294326.7913475
File C:\projects\django\studies\logger\Lib\site-packages\asgiref\sync.py first seen with mtime 1665294323.6107075
File C:\projects\django\studies\logger\logger\logger\urls.py first seen with mtime 1665294588.1793635
File C:\Users\MO-SALAH\AppData\Local\Programs\Python\Python310\Lib\wsgiref\handlers.py first seen with mtime 1659416368.0
File C:\Users\MO-SALAH\AppData\Local\Programs\Python\Python310\Lib\importlib\util.py first seen with mtime 1659416368.0
File C:\Users\MO-SALAH\AppData\Local\Programs\Python\Python310\Lib\urllib\parse.py first seen with mtime 1659416368.0
File C:\projects\django\studies\logger\Lib\site-packages\django\contrib\messages\storage\__init__.py first seen with mtime 1665294325.6704266
File C:\projects\django\studies\logger\Lib\site-packages\django\db\models\fields\mixins.py first seen with mtime 1665294326.582637
File C:\Users\MO-SALAH\AppData\Local\Programs\Python\Python310\Lib\ssl.py first seen with mtime 1659416368.0
File C:\projects\django\studies\logger\Lib\site-packages\django\db\models\sql\query.py first seen with mtime 1665294326.5936353
File C:\Users\MO-SALAH\AppData\Local\Programs\Python\Python310\Lib\concurrent\futures\thread.py first seen with mtime 1659416368.0
File C:\projects\django\studies\logger\Lib\site-packages\django\utils\crypto.py first seen with mtime 1665294326.8008137
File C:\Users\MO-SALAH\AppData\Local\Programs\Python\Python310\Lib\_compression.py first seen with mtime 1659416368.0
File C:\Users\MO-SALAH\AppData\Local\Programs\Python\Python310\Lib\platform.py first seen with mtime 1659416368.0
File C:\projects\django\studies\logger\Lib\site-packages\django\template\autoreload.py first seen with mtime 1665294326.7632406
File C:\projects\django\studies\logger\Lib\site-packages\_distutils_hack\__init__.py first seen with mtime 1665294252.7463186
File C:\Users\MO-SALAH\AppData\Local\Programs\Python\Python310\Lib\asyncio\sslproto.py first seen with mtime 1659416368.0
File C:\projects\django\studies\logger\Lib\site-packages\django\views\generic\list.py first seen with mtime 1665294326.8368142
File C:\Users\MO-SALAH\AppData\Local\Programs\Python\Python310\DLLs\_socket.pyd first seen with mtime 1659416398.0
File C:\Users\MO-SALAH\AppData\Local\Programs\Python\Python310\Lib\asyncio\log.py first seen with mtime 1659416368.0
File C:\projects\django\studies\logger\Lib\site-packages\django\core\signing.py first seen with mtime 1665294326.451636
File C:\projects\django\studies\logger\Lib\site-packages\django\core\checks\compatibility\__init__.py first seen with mtime 1665294326.4666362
File C:\projects\django\studies\logger\Lib\site-packages\sqlparse\__init__.py first seen with mtime 1665294323.3741364
File C:\Users\MO-SALAH\AppData\Local\Programs\Python\Python310\Lib\email\generator.py first seen with mtime 1659416368.0
File C:\Users\MO-SALAH\AppData\Local\Programs\Python\Python310\Lib\ctypes\wintypes.py first seen with mtime 1659416368.0
File C:\Users\MO-SALAH\AppData\Local\Programs\Python\Python310\DLLs\select.pyd first seen with mtime 1659416398.0
File C:\Users\MO-SALAH\AppData\Local\Programs\Python\Python310\Lib\email\iterators.py first seen with mtime 1659416368.0
File C:\Users\MO-SALAH\AppData\Local\Programs\Python\Python310\Lib\sre_constants.py first seen with mtime 1659416368.0
File C:\projects\django\studies\logger\Lib\site-packages\django\core\handlers\__init__.py first seen with mtime 1665294326.4786355
File C:\projects\django\studies\logger\Lib\site-packages\asgiref\current_thread_executor.py first seen with mtime 1665294323.6081724
File C:\Users\MO-SALAH\AppData\Local\Programs\Python\Python310\DLLs\_queue.pyd first seen with mtime 1659416398.0
File C:\projects\django\studies\logger\Lib\site-packages\sqlparse\filters\reindent.py first seen with mtime 1665294323.3911362
File C:\projects\django\studies\logger\Lib\site-packages\django\db\models\functions\math.py first seen with mtime 1665294326.588636
File C:\Users\MO-SALAH\AppData\Local\Programs\Python\Python310\Lib\pprint.py first seen with mtime 1659416368.0
File C:\projects\django\studies\logger\Lib\site-packages\django\templatetags\l10n.py first seen with mtime 1665294326.7813509
File C:\projects\django\studies\logger\Lib\site-packages\django\conf\locale\__init__.py first seen with mtime 1665294323.7392466
File C:\Users\MO-SALAH\AppData\Local\Programs\Python\Python310\Lib\ctypes\__init__.py first seen with mtime 1659416368.0
File C:\projects\django\studies\logger\Lib\site-packages\django\views\decorators\debug.py first seen with mtime 1665294326.8318114
File C:\projects\django\studies\logger\Lib\site-packages\django\contrib\admin\decorators.py first seen with mtime 1665294324.0002453
File C:\projects\django\studies\logger\Lib\site-packages\django\utils\safestring.py first seen with mtime 1665294326.8168142
File C:\projects\django\studies\logger\Lib\site-packages\django\views\decorators\csrf.py first seen with mtime 1665294326.8308136
File C:\projects\django\studies\logger\Lib\site-packages\sqlparse\filters\tokens.py first seen with mtime 1665294323.3921368
File C:\Users\MO-SALAH\AppData\Local\Programs\Python\Python310\Lib\contextvars.py first seen with mtime 1659416368.0
File C:\projects\django\studies\logger\Lib\site-packages\django\utils\lorem_ipsum.py first seen with mtime 1665294326.8148122
File C:\projects\django\studies\logger\Lib\site-packages\django\utils\cache.py first seen with mtime 1665294326.799811
File C:\Users\MO-SALAH\AppData\Local\Programs\Python\Python310\Lib\re.py first seen with mtime 1659416368.0
File C:\Users\MO-SALAH\AppData\Local\Programs\Python\Python310\Lib\glob.py first seen with mtime 1659416368.0
File C:\projects\django\studies\logger\Lib\site-packages\django\urls\utils.py first seen with mtime 1665294326.7948143
File C:\projects\django\studies\logger\Lib\site-packages\django\db\models\indexes.py first seen with mtime 1665294326.5756357
File C:\projects\django\studies\logger\Lib\site-packages\django\contrib\contenttypes\admin.py first seen with mtime 1665294324.7282488
File C:\Users\MO-SALAH\AppData\Local\Programs\Python\Python310\Lib\asyncio\queues.py first seen with mtime 1659416368.0
File C:\Users\MO-SALAH\AppData\Local\Programs\Python\Python310\Lib\email\_policybase.py first seen with mtime 1659416368.0
File C:\Users\MO-SALAH\AppData\Local\Programs\Python\Python310\Lib\token.py first seen with mtime 1659416368.0
File C:\projects\django\studies\logger\Lib\site-packages\django\contrib\admin\views\__init__.py first seen with mtime 1665294324.4012465
File C:\Users\MO-SALAH\AppData\Local\Programs\Python\Python310\Lib\asyncio\events.py first seen with mtime 1659416368.0
File C:\Users\MO-SALAH\AppData\Local\Programs\Python\Python310\DLLs\_ssl.pyd first seen with mtime 1659416398.0
File C:\Users\MO-SALAH\AppData\Local\Programs\Python\Python310\Lib\asyncio\transports.py first seen with mtime 1659416368.0
File C:\Users\MO-SALAH\AppData\Local\Programs\Python\Python310\Lib\asyncio\staggered.py first seen with mtime 1659416368.0
File C:\projects\django\studies\logger\Lib\site-packages\sqlparse\formatter.py first seen with mtime 1665294323.377136
File C:\projects\django\studies\logger\Lib\site-packages\django\urls\converters.py first seen with mtime 1665294326.7923477
File C:\projects\django\studies\logger\Lib\site-packages\django\contrib\staticfiles\finders.py first seen with mtime 1665294326.440885
File C:\projects\django\studies\logger\Lib\site-packages\django\utils\timesince.py first seen with mtime 1665294326.8188126
File C:\projects\django\studies\logger\Lib\site-packages\django\contrib\contenttypes\checks.py first seen with mtime 1665294324.7302477
File C:\Users\MO-SALAH\AppData\Local\Programs\Python\Python310\Lib\dis.py first seen with mtime 1659416368.0
File C:\projects\django\studies\logger\Lib\site-packages\django\db\migrations\operations\special.py first seen with mtime 1665294326.569637
File C:\projects\django\studies\logger\Lib\site-packages\django\template\exceptions.py first seen with mtime 1665294326.7682748
File C:\Users\MO-SALAH\AppData\Local\Programs\Python\Python310\Lib\pickle.py first seen with mtime 1659416368.0
File C:\projects\django\studies\logger\Lib\site-packages\django\db\backends\base\validation.py first seen with mtime 1665294326.5326357
File C:\Users\MO-SALAH\AppData\Local\Programs\Python\Python310\Lib\contextlib.py first seen with mtime 1659416368.0
File C:\Users\MO-SALAH\AppData\Local\Programs\Python\Python310\Lib\email\mime\nonmultipart.py first seen with mtime 1659416368.0
File C:\Users\MO-SALAH\AppData\Local\Programs\Python\Python310\Lib\urllib\__init__.py first seen with mtime 1659416368.0
File C:\projects\django\studies\logger\Lib\site-packages\django\utils\connection.py first seen with mtime 1665294326.799811
File C:\Users\MO-SALAH\AppData\Local\Programs\Python\Python310\Lib\http\__init__.py first seen with mtime 1659416368.0
File C:\Users\MO-SALAH\AppData\Local\Programs\Python\Python310\Lib\email\mime\base.py first seen with mtime 1659416368.0
File C:\Users\MO-SALAH\AppData\Local\Programs\Python\Python310\Lib\string.py first seen with mtime 1659416368.0
File C:\projects\django\studies\logger\logger\manage.py first seen with mtime 1665294356.6198447
File C:\projects\django\studies\logger\Lib\site-packages\django\http\request.py first seen with mtime 1665294326.755641
File C:\Users\MO-SALAH\AppData\Local\Programs\Python\Python310\Lib\collections\__init__.py first seen with mtime 1659416368.0
File C:\projects\django\studies\logger\Lib\site-packages\django\contrib\staticfiles\apps.py first seen with mtime 1665294326.438886
File C:\Users\MO-SALAH\AppData\Local\Programs\Python\Python310\Lib\types.py first seen with mtime 1659416368.0
File C:\Users\MO-SALAH\AppData\Local\Programs\Python\Python310\Lib\ast.py first seen with mtime 1659416368.0
File C:\projects\django\studies\logger\logger\todo\apps.py first seen with mtime 1665294439.8683493
File C:\projects\django\studies\logger\Lib\site-packages\django\utils\dateformat.py first seen with mtime 1665294326.8018134
File C:\projects\django\studies\logger\Lib\site-packages\django\core\handlers\asgi.py first seen with mtime 1665294326.4836404
File C:\projects\django\studies\logger\Lib\site-packages\django\db\models\manager.py first seen with mtime 1665294326.576635
File C:\Users\MO-SALAH\AppData\Local\Programs\Python\Python310\Lib\gettext.py first seen with mtime 1659416368.0
File C:\projects\django\studies\logger\Lib\site-packages\django\template\loaders\base.py first seen with mtime 1665294326.7773483
File C:\projects\django\studies\logger\Lib\site-packages\django\db\models\sql\datastructures.py first seen with mtime 1665294326.5926356
File C:\Users\MO-SALAH\AppData\Local\Programs\Python\Python310\Lib\nturl2path.py first seen with mtime 1659416368.0
File C:\projects\django\studies\logger\logger\todo\models.py first seen with mtime 1665306491.3709393
File C:\Users\MO-SALAH\AppData\Local\Programs\Python\Python310\Lib\collections\abc.py first seen with mtime 1659416368.0
File C:\projects\django\studies\logger\Lib\site-packages\django\db\models\fields\reverse_related.py first seen with mtime 1665294326.585636
File C:\projects\django\studies\logger\Lib\site-packages\django\utils\translation\__init__.py first seen with mtime 1665294326.8218136
File C:\projects\django\studies\logger\Lib\site-packages\sqlparse\filters\__init__.py first seen with mtime 1665294323.3881364
File C:\projects\django\studies\logger\Lib\site-packages\django\core\management\color.py first seen with mtime 1665294326.5006359
File C:\Users\MO-SALAH\AppData\Local\Programs\Python\Python310\Lib\tokenize.py first seen with mtime 1659416368.0
File C:\Users\MO-SALAH\AppData\Local\Programs\Python\Python310\Lib\email\_parseaddr.py first seen with mtime 1659416368.0
File C:\projects\django\studies\logger\Lib\site-packages\django\template\backends\base.py first seen with mtime 1665294326.773031
File C:\Users\MO-SALAH\AppData\Local\Programs\Python\Python310\DLLs\_sqlite3.pyd first seen with mtime 1659416398.0
File C:\projects\django\studies\logger\Lib\site-packages\django\views\generic\dates.py first seen with mtime 1665294326.8348136
File C:\projects\django\studies\logger\Lib\site-packages\django\db\backends\utils.py first seen with mtime 1665294326.526636
File C:\projects\django\studies\logger\Lib\site-packages\django\core\cache\__init__.py first seen with mtime 1665294326.453636
File C:\Users\MO-SALAH\AppData\Local\Programs\Python\Python310\Lib\email\quoprimime.py first seen with mtime 1659416368.0
File C:\projects\django\studies\logger\Lib\site-packages\asgiref\__init__.py first seen with mtime 1665294323.6061735
File C:\Users\MO-SALAH\AppData\Local\Programs\Python\Python310\Lib\datetime.py first seen with mtime 1659416368.0
File C:\projects\django\studies\logger\Lib\site-packages\django\core\serializers\__init__.py first seen with mtime 1665294326.5186393
File C:\Users\MO-SALAH\AppData\Local\Programs\Python\Python310\Lib\inspect.py first seen with mtime 1659416368.0
File C:\projects\django\studies\logger\Lib\site-packages\django\contrib\admin\helpers.py first seen with mtime 1665294324.0022466
File C:\Users\MO-SALAH\AppData\Local\Programs\Python\Python310\Lib\operator.py first seen with mtime 1659416368.0
File C:\projects\django\studies\logger\Lib\site-packages\django\db\migrations\state.py first seen with mtime 1665294326.5656362
File C:\Users\MO-SALAH\AppData\Local\Programs\Python\Python310\Lib\urllib\response.py first seen with mtime 1659416368.0
File C:\projects\django\studies\logger\Lib\site-packages\django\http\multipartparser.py first seen with mtime 1665294326.7546427
File C:\projects\django\studies\logger\logger\logger\settings.py first seen with mtime 1665325856.034804
File C:\Users\MO-SALAH\AppData\Local\Programs\Python\Python310\Lib\opcode.py first seen with mtime 1659416368.0
File C:\projects\django\studies\logger\Lib\site-packages\django\template\defaulttags.py first seen with mtime 1665294326.7662406
File C:\Users\MO-SALAH\AppData\Local\Programs\Python\Python310\Lib\gzip.py first seen with mtime 1659416368.0
File C:\projects\django\studies\logger\Lib\site-packages\django\db\models\sql\subqueries.py first seen with mtime 1665294326.5946352
File C:\projects\django\studies\logger\Lib\site-packages\django\db\backends\sqlite3\__init__.py first seen with mtime 1665294326.5526364
File C:\projects\django\studies\logger\logger\todo\urls.py first seen with mtime 1665309976.017698
File C:\Users\MO-SALAH\AppData\Local\Programs\Python\Python310\Lib\mimetypes.py first seen with mtime 1659416368.0
File C:\projects\django\studies\logger\Lib\site-packages\django\forms\formsets.py first seen with mtime 1665294326.6006355
File C:\projects\django\studies\logger\Lib\site-packages\django\core\checks\security\csrf.py first seen with mtime 1665294326.469637
File C:\Users\MO-SALAH\AppData\Local\Programs\Python\Python310\Lib\asyncio\trsock.py first seen with mtime 1659416368.0
File C:\projects\django\studies\logger\Lib\site-packages\django\db\models\fields\related.py first seen with mtime 1665294326.5846355
File C:\projects\django\studies\logger\Lib\site-packages\sqlparse\filters\aligned_indent.py first seen with mtime 1665294323.3891368
File C:\projects\django\studies\logger\Lib\site-packages\django\db\models\constants.py first seen with mtime 1665294326.572636
File C:\projects\django\studies\logger\Lib\site-packages\django\contrib\admin\options.py first seen with mtime 1665294324.004246
File C:\Users\MO-SALAH\AppData\Local\Programs\Python\Python310\Lib\signal.py first seen with mtime 1659416368.0
File C:\projects\django\studies\logger\Lib\site-packages\django\core\management\base.py first seen with mtime 1665294326.4996357
File C:\Users\MO-SALAH\AppData\Local\Programs\Python\Python310\Lib\email\base64mime.py first seen with mtime 1659416368.0
File C:\projects\django\studies\logger\Lib\site-packages\django\core\files\base.py first seen with mtime 1665294326.4716358
File C:\projects\django\studies\logger\Lib\site-packages\django\contrib\admin\templatetags\admin_modify.py first seen with mtime 1665294324.3982465
File C:\projects\django\studies\logger\Lib\site-packages\sqlparse\exceptions.py first seen with mtime 1665294323.377136
File C:\projects\django\studies\logger\Lib\site-packages\django\core\checks\__init__.py first seen with mtime 1665294326.458636
File C:\projects\django\studies\logger\logger\todo\forms.py first seen with mtime 1665307922.051334
File C:\Users\MO-SALAH\AppData\Local\Programs\Python\Python310\Lib\zoneinfo\_common.py first seen with mtime 1659416368.0
File C:\projects\django\studies\logger\Lib\site-packages\django\conf\global_settings.py first seen with mtime 1665294323.7312465
File C:\Users\MO-SALAH\AppData\Local\Programs\Python\Python310\Lib\encodings\utf_8.py first seen with mtime 1659416368.0
File C:\Users\MO-SALAH\AppData\Local\Programs\Python\Python310\Lib\_markupbase.py first seen with mtime 1659416368.0
File C:\projects\django\studies\logger\Lib\site-packages\django\templatetags\__init__.py first seen with mtime 1665294326.7793477
File C:\projects\django\studies\logger\Lib\site-packages\django\db\backends\sqlite3\_functions.py first seen with mtime 1665294326.5526364
File C:\Users\MO-SALAH\AppData\Local\Programs\Python\Python310\Lib\multiprocessing\process.py first seen with mtime 1659416368.0
File C:\projects\django\studies\logger\Lib\site-packages\django\core\checks\caches.py first seen with mtime 1665294326.460636
File C:\projects\django\studies\logger\Lib\site-packages\django\contrib\admin\filters.py first seen with mtime 1665294324.0012465
File C:\Users\MO-SALAH\AppData\Local\Programs\Python\Python310\Lib\json\decoder.py first seen with mtime 1659416368.0
File C:\projects\django\studies\logger\Lib\site-packages\django\db\__init__.py first seen with mtime 1665294326.5236356
File C:\projects\django\studies\logger\Lib\site-packages\django\db\models\fields\__init__.py first seen with mtime 1665294326.580636
File C:\projects\django\studies\logger\Lib\site-packages\django\utils\inspect.py first seen with mtime 1665294326.8098137
File C:\Users\MO-SALAH\AppData\Local\Programs\Python\Python310\Lib\decimal.py first seen with mtime 1659416368.0
File C:\projects\django\studies\logger\Lib\site-packages\django\utils\datastructures.py first seen with mtime 1665294326.8008137
File C:\projects\django\studies\logger\Lib\site-packages\django\db\models\sql\where.py first seen with mtime 1665294326.5956357
File C:\projects\django\studies\logger\Lib\site-packages\sqlparse\engine\grouping.py first seen with mtime 1665294323.387137
File C:\Users\MO-SALAH\AppData\Local\Programs\Python\Python310\DLLs\_lzma.pyd first seen with mtime 1659416398.0
File C:\projects\django\studies\logger\Lib\site-packages\django\utils\module_loading.py first seen with mtime 1665294326.8158135
File C:\Users\MO-SALAH\AppData\Local\Programs\Python\Python310\Lib\asyncio\locks.py first seen with mtime 1659416368.0
File C:\projects\django\studies\logger\Lib\site-packages\django\core\cache\backends\__init__.py first seen with mtime 1665294326.4546356
File C:\Users\MO-SALAH\AppData\Local\Programs\Python\Python310\Lib\email\_encoded_words.py first seen with mtime 1659416368.0
File C:\Users\MO-SALAH\AppData\Local\Programs\Python\Python310\Lib\queue.py first seen with mtime 1659416368.0
File C:\projects\django\studies\logger\Lib\site-packages\django\db\models\expressions.py first seen with mtime 1665294326.5746355
File C:\Users\MO-SALAH\AppData\Local\Programs\Python\Python310\Lib\numbers.py first seen with mtime 1659416368.0
File C:\projects\django\studies\logger\Lib\site-packages\django\contrib\contenttypes\__init__.py first seen with mtime 1665294324.7282488
File C:\projects\django\studies\logger\Lib\site-packages\django\forms\fields.py first seen with mtime 1665294326.5996354
File C:\projects\django\studies\logger\Lib\site-packages\django\utils\itercompat.py first seen with mtime 1665294326.81281
File C:\projects\django\studies\logger\Lib\site-packages\sqlparse\engine\__init__.py first seen with mtime 1665294323.3821366
File C:\Users\MO-SALAH\AppData\Local\Programs\Python\Python310\Lib\email\mime\multipart.py first seen with mtime 1659416368.0
File C:\Users\MO-SALAH\AppData\Local\Programs\Python\Python310\Lib\http\server.py first seen with mtime 1659416368.0
File C:\Users\MO-SALAH\AppData\Local\Programs\Python\Python310\Lib\posixpath.py first seen with mtime 1659416368.0
File C:\Users\MO-SALAH\AppData\Local\Programs\Python\Python310\DLLs\_overlapped.pyd first seen with mtime 1659416398.0
File C:\projects\django\studies\logger\Lib\site-packages\django\contrib\staticfiles\management\__init__.py first seen with mtime 1665294326.4438856
File C:\projects\django\studies\logger\Lib\site-packages\django\db\backends\base\__init__.py first seen with mtime 1665294326.5276358
File C:\Users\MO-SALAH\AppData\Local\Programs\Python\Python310\Lib\sre_parse.py first seen with mtime 1659416368.0
File C:\Users\MO-SALAH\AppData\Local\Programs\Python\Python310\Lib\fractions.py first seen with mtime 1659416368.0
File C:\projects\django\studies\logger\Lib\site-packages\django\utils\deprecation.py first seen with mtime 1665294326.8048136
File C:\Users\MO-SALAH\AppData\Local\Programs\Python\Python310\Lib\encodings\cp1252.py first seen with mtime 1659416368.0
File C:\Users\MO-SALAH\AppData\Local\Programs\Python\Python310\Lib\asyncio\threads.py first seen with mtime 1659416368.0
File C:\projects\django\studies\logger\Lib\site-packages\django\core\files\utils.py first seen with mtime 1665294326.4786355
File C:\Users\MO-SALAH\AppData\Local\Programs\Python\Python310\DLLs\_zoneinfo.pyd first seen with mtime 1659416398.0
File C:\projects\django\studies\logger\Lib\site-packages\django\http\cookie.py first seen with mtime 1665294326.753642
File C:\Users\MO-SALAH\AppData\Local\Programs\Python\Python310\Lib\asyncio\tasks.py first seen with mtime 1659416368.0
File C:\projects\django\studies\logger\Lib\site-packages\django\db\models\enums.py first seen with mtime 1665294326.5746355
File C:\projects\django\studies\logger\Lib\site-packages\django\middleware\__init__.py first seen with mtime 1665294326.756641
File C:\Users\MO-SALAH\AppData\Local\Programs\Python\Python310\Lib\_compat_pickle.py first seen with mtime 1659416368.0
File C:\Users\MO-SALAH\AppData\Local\Programs\Python\Python310\Lib\concurrent\futures\_base.py first seen with mtime 1659416368.0
File C:\projects\django\studies\logger\Lib\site-packages\django\db\migrations\utils.py first seen with mtime 1665294326.5666356
File C:\projects\django\studies\logger\Lib\site-packages\django\utils\autoreload.py first seen with mtime 1665294326.7978127
File C:\projects\django\studies\logger\Lib\site-packages\django\db\models\signals.py first seen with mtime 1665294326.5796363
File C:\Users\MO-SALAH\AppData\Local\Programs\Python\Python310\Lib\keyword.py first seen with mtime 1659416368.0
File C:\projects\django\studies\logger\Lib\site-packages\django\contrib\admin\actions.py first seen with mtime 1665294323.9982467
File C:\projects\django\studies\logger\Lib\site-packages\django\contrib\staticfiles\management\commands\runserver.py first seen with mtime 1665294326.446887
File C:\Users\MO-SALAH\AppData\Local\Programs\Python\Python310\Lib\threading.py first seen with mtime 1659416368.0
File C:\projects\django\studies\logger\Lib\site-packages\django\contrib\staticfiles\handlers.py first seen with mtime 1665294326.440885
File C:\projects\django\studies\logger\Lib\site-packages\django\contrib\admin\templatetags\__init__.py first seen with mtime 1665294324.3972468
File C:\Users\MO-SALAH\AppData\Local\Programs\Python\Python310\Lib\ctypes\_endian.py first seen with mtime 1659416368.0
File C:\Users\MO-SALAH\AppData\Local\Programs\Python\Python310\DLLs\_decimal.pyd first seen with mtime 1659416398.0
File C:\projects\django\studies\logger\Lib\site-packages\django\urls\__init__.py first seen with mtime 1665294326.7903476
File C:\projects\django\studies\logger\Lib\site-packages\sqlparse\keywords.py first seen with mtime 1665294323.3781362
File C:\Users\MO-SALAH\AppData\Local\Programs\Python\Python310\Lib\email\feedparser.py first seen with mtime 1659416368.0
File C:\Users\MO-SALAH\AppData\Local\Programs\Python\Python310\Lib\secrets.py first seen with mtime 1659416368.0
File C:\projects\django\studies\logger\Lib\site-packages\django\db\models\fields\files.py first seen with mtime 1665294326.5816355
File C:\projects\django\studies\logger\Lib\site-packages\django\contrib\auth\admin.py first seen with mtime 1665294324.5662463
File C:\projects\django\studies\logger\Lib\site-packages\django\template\library.py first seen with mtime 1665294326.7682748
File C:\Users\MO-SALAH\AppData\Local\Programs\Python\Python310\Lib\calendar.py first seen with mtime 1659416368.0
File C:\projects\django\studies\logger\Lib\site-packages\django\core\files\locks.py first seen with mtime 1665294326.4726362
File C:\Users\MO-SALAH\AppData\Local\Programs\Python\Python310\Lib\urllib\request.py first seen with mtime 1659416368.0
File C:\projects\django\studies\logger\Lib\site-packages\django\db\migrations\operations\models.py first seen with mtime 1665294326.569637
File C:\Users\MO-SALAH\AppData\Local\Programs\Python\Python310\Lib\importlib\machinery.py first seen with mtime 1659416368.0
File C:\projects\django\studies\logger\Lib\site-packages\django\utils\termcolors.py first seen with mtime 1665294326.8178139
File C:\Users\MO-SALAH\AppData\Local\Programs\Python\Python310\Lib\typing.py first seen with mtime 1659416368.0
File C:\Users\MO-SALAH\AppData\Local\Programs\Python\Python310\Lib\asyncio\proactor_events.py first seen with mtime 1659416368.0
File C:\Users\MO-SALAH\AppData\Local\Programs\Python\Python310\Lib\os.py first seen with mtime 1659416368.0
File C:\projects\django\studies\logger\Lib\site-packages\django\contrib\auth\checks.py first seen with mtime 1665294324.5682461
File C:\Users\MO-SALAH\AppData\Local\Programs\Python\Python310\Lib\base64.py first seen with mtime 1659416368.0
File C:\Users\MO-SALAH\AppData\Local\Programs\Python\Python310\Lib\importlib\_abc.py first seen with mtime 1659416368.0
File C:\Users\MO-SALAH\AppData\Local\Programs\Python\Python310\Lib\uuid.py first seen with mtime 1659416368.0
File C:\projects\django\studies\logger\Lib\site-packages\django\template\loader.py first seen with mtime 1665294326.7692418
File C:\Users\MO-SALAH\AppData\Local\Programs\Python\Python310\Lib\asyncio\format_helpers.py first seen with mtime 1659416368.0
File C:\projects\django\studies\logger\Lib\site-packages\django\forms\utils.py first seen with mtime 1665294326.6026359
File C:\Users\MO-SALAH\AppData\Local\Programs\Python\Python310\Lib\email\_header_value_parser.py first seen with mtime 1659416368.0
File C:\projects\django\studies\logger\Lib\site-packages\django\views\i18n.py first seen with mtime 1665294326.827814
File C:\projects\django\studies\logger\Lib\site-packages\django\db\models\functions\datetime.py first seen with mtime 1665294326.587636
File C:\Users\MO-SALAH\AppData\Local\Programs\Python\Python310\Lib\logging\__init__.py first seen with mtime 1659416368.0
File C:\projects\django\studies\logger\Lib\site-packages\django\db\backends\sqlite3\schema.py first seen with mtime 1665294326.5576355
File C:\projects\django\studies\logger\Lib\site-packages\django\template\loader_tags.py first seen with mtime 1665294326.7700224
File C:\projects\django\studies\logger\Lib\site-packages\django\core\checks\security\base.py first seen with mtime 1665294326.468636
File C:\projects\django\studies\logger\Lib\site-packages\django\core\files\storage.py first seen with mtime 1665294326.4736357
File C:\Users\MO-SALAH\AppData\Local\Programs\Python\Python310\Lib\zoneinfo\__init__.py first seen with mtime 1659416368.0
File C:\projects\django\studies\logger\Lib\site-packages\sqlparse\engine\statement_splitter.py first seen with mtime 1665294323.3881364
File C:\Users\MO-SALAH\AppData\Local\Programs\Python\Python310\Lib\io.py first seen with mtime 1659416368.0
File C:\Users\MO-SALAH\AppData\Local\Programs\Python\Python310\Lib\_collections_abc.py first seen with mtime 1659416368.0
File C:\Users\MO-SALAH\AppData\Local\Programs\Python\Python310\Lib\asyncio\runners.py first seen with mtime 1659416368.0
File C:\projects\django\studies\logger\Lib\site-packages\sqlparse\lexer.py first seen with mtime 1665294323.3791363
File C:\projects\django\studies\logger\Lib\site-packages\django\db\backends\__init__.py first seen with mtime 1665294326.5256362
File C:\projects\django\studies\logger\Lib\site-packages\django\db\models\sql\__init__.py first seen with mtime 1665294326.5906353
File C:\projects\django\studies\logger\Lib\site-packages\django\dispatch\dispatcher.py first seen with mtime 1665294326.5966363
File C:\projects\django\studies\logger\Lib\site-packages\django\core\mail\utils.py first seen with mtime 1665294326.492638
File C:\projects\django\studies\logger\Lib\site-packages\django\db\models\query_utils.py first seen with mtime 1665294326.5786357
File C:\projects\django\studies\logger\Lib\site-packages\django\shortcuts.py first seen with mtime 1665294323.727247
File C:\Users\MO-SALAH\AppData\Local\Programs\Python\Python310\Lib\linecache.py first seen with mtime 1659416368.0
File C:\projects\django\studies\logger\Lib\site-packages\django\contrib\contenttypes\management\__init__.py first seen with mtime 1665294324.862246
File C:\projects\django\studies\logger\Lib\site-packages\django\db\models\functions\mixins.py first seen with mtime 1665294326.588636
File C:\projects\django\studies\logger\Lib\site-packages\django\views\static.py first seen with mtime 1665294326.827814
File C:\Users\MO-SALAH\AppData\Local\Programs\Python\Python310\Lib\email\utils.py first seen with mtime 1659416368.0
File C:\projects\django\studies\logger\Lib\site-packages\django\db\models\fields\related_descriptors.py first seen with mtime 1665294326.5846355
File C:\projects\django\studies\logger\Lib\site-packages\django\utils\dateparse.py first seen with mtime 1665294326.8018134
File C:\Users\MO-SALAH\AppData\Local\Programs\Python\Python310\Lib\email\charset.py first seen with mtime 1659416368.0
File C:\Users\MO-SALAH\AppData\Local\Programs\Python\Python310\Lib\email\header.py first seen with mtime 1659416368.0
File C:\projects\django\studies\logger\Lib\site-packages\django\contrib\messages\utils.py first seen with mtime 1665294325.6694264
File C:\projects\django\studies\logger\Lib\site-packages\django\db\models\sql\constants.py first seen with mtime 1665294326.5916362
File C:\Users\MO-SALAH\AppData\Local\Programs\Python\Python310\Lib\logging\config.py first seen with mtime 1659416368.0
File C:\projects\django\studies\logger\Lib\site-packages\django\views\debug.py first seen with mtime 1665294326.8268137
File C:\projects\django\studies\logger\Lib\site-packages\django\db\models\query.py first seen with mtime 1665294326.5786357
File C:\Users\MO-SALAH\AppData\Local\Programs\Python\Python310\Lib\email\mime\__init__.py first seen with mtime 1659416368.0
File C:\Users\MO-SALAH\AppData\Local\Programs\Python\Python310\Lib\copyreg.py first seen with mtime 1659416368.0
File C:\projects\django\studies\logger\Lib\site-packages\django\views\csrf.py first seen with mtime 1665294326.8258138
File C:\projects\django\studies\logger\Lib\site-packages\django\forms\boundfield.py first seen with mtime 1665294326.598636
File C:\projects\django\studies\logger\Lib\site-packages\django\contrib\auth\backends.py first seen with mtime 1665294324.5672462
File C:\projects\django\studies\logger\Lib\site-packages\django\contrib\auth\tokens.py first seen with mtime 1665294324.5752466
File C:\Users\MO-SALAH\AppData\Local\Programs\Python\Python310\Lib\dataclasses.py first seen with mtime 1659416368.0
File C:\projects\django\studies\logger\Lib\site-packages\django\utils\regex_helper.py first seen with mtime 1665294326.8168142
File C:\projects\django\studies\logger\Lib\site-packages\django\utils\http.py first seen with mtime 1665294326.8098137
File C:\Users\MO-SALAH\AppData\Local\Programs\Python\Python310\Lib\abc.py first seen with mtime 1659416368.0
File C:\Users\MO-SALAH\AppData\Local\Programs\Python\Python310\DLLs\_hashlib.pyd first seen with mtime 1659416398.0
File C:\projects\django\studies\logger\Lib\site-packages\django\views\decorators\cache.py first seen with mtime 1665294326.8298135
File C:\projects\django\studies\logger\Lib\site-packages\django\contrib\contenttypes\apps.py first seen with mtime 1665294324.7292461
File C:\projects\django\studies\logger\Lib\site-packages\django\template\loaders\__init__.py first seen with mtime 1665294326.775348
File C:\projects\django\studies\logger\Lib\site-packages\django\utils\timezone.py first seen with mtime 1665294326.8198135
File C:\Users\MO-SALAH\AppData\Local\Programs\Python\Python310\Lib\email\parser.py first seen with mtime 1659416368.0
File C:\projects\django\studies\logger\Lib\site-packages\django\templatetags\tz.py first seen with mtime 1665294326.7833743
File C:\projects\django\studies\logger\Lib\site-packages\django\contrib\contenttypes\models.py first seen with mtime 1665294324.7322457
File C:\projects\django\studies\logger\Lib\site-packages\django\core\checks\urls.py first seen with mtime 1665294326.465636
File C:\projects\django\studies\logger\Lib\site-packages\django\db\backends\base\schema.py first seen with mtime 1665294326.5326357
File C:\projects\django\studies\logger\Lib\site-packages\django\utils\tree.py first seen with mtime 1665294326.8208134
File C:\Users\MO-SALAH\AppData\Local\Programs\Python\Python310\Lib\bz2.py first seen with mtime 1659416368.0
File C:\projects\django\studies\logger\Lib\site-packages\django\template\backends\__init__.py first seen with mtime 1665294326.7720308
File C:\Users\MO-SALAH\AppData\Local\Programs\Python\Python310\Lib\shutil.py first seen with mtime 1659416368.0
File C:\projects\django\studies\logger\Lib\site-packages\django\contrib\admin\templatetags\admin_urls.py first seen with mtime 1665294324.399247
File C:\projects\django\studies\logger\Lib\site-packages\django\utils\text.py first seen with mtime 1665294326.8188126
File C:\Users\MO-SALAH\AppData\Local\Programs\Python\Python310\DLLs\_asyncio.pyd first seen with mtime 1659416398.0
File C:\Users\MO-SALAH\AppData\Local\Programs\Python\Python310\Lib\enum.py first seen with mtime 1659416368.0
File C:\Users\MO-SALAH\AppData\Local\Programs\Python\Python310\Lib\stat.py first seen with mtime 1659416368.0
File C:\Users\MO-SALAH\AppData\Local\Programs\Python\Python310\Lib\asyncio\futures.py first seen with mtime 1659416368.0
File C:\projects\django\studies\logger\Lib\site-packages\django\db\migrations\operations\base.py first seen with mtime 1665294326.5686362
File C:\projects\django\studies\logger\Lib\site-packages\django\contrib\staticfiles\views.py first seen with mtime 1665294326.4438856
File C:\projects\django\studies\logger\Lib\site-packages\django\db\backends\sqlite3\creation.py first seen with mtime 1665294326.5546358
File C:\Users\MO-SALAH\AppData\Local\Programs\Python\Python310\Lib\email\policy.py first seen with mtime 1659416368.0
File C:\projects\django\studies\logger\logger\todo\views.py first seen with mtime 1665325232.4124625
File C:\projects\django\studies\logger\Lib\site-packages\django\contrib\admin\utils.py first seen with mtime 1665294324.0062468
File C:\projects\django\studies\logger\Lib\site-packages\django\core\checks\translation.py first seen with mtime 1665294326.4646375
File C:\projects\django\studies\logger\Lib\site-packages\django\utils\translation\reloader.py first seen with mtime 1665294326.8228135
File C:\Users\MO-SALAH\AppData\Local\Programs\Python\Python310\Lib\http\client.py first seen with mtime 1659416368.0
File C:\projects\django\studies\logger\Lib\site-packages\_virtualenv.py first seen with mtime 1665294251.001553
File C:\projects\django\studies\logger\Lib\site-packages\django\core\paginator.py first seen with mtime 1665294326.450636
File C:\projects\django\studies\logger\Lib\site-packages\django\conf\urls\__init__.py first seen with mtime 1665294323.9952464
File C:\projects\django\studies\logger\Lib\site-packages\django\urls\exceptions.py first seen with mtime 1665294326.793801
File C:\projects\django\studies\logger\Lib\site-packages\django\core\cache\backends\filebased.py first seen with mtime 1665294326.4566357
File C:\projects\django\studies\logger\Lib\site-packages\django\core\checks\security\sessions.py first seen with mtime 1665294326.469637
File C:\projects\django\studies\logger\Lib\site-packages\django\db\models\base.py first seen with mtime 1665294326.5716362
File C:\projects\django\studies\logger\Lib\site-packages\django\db\models\aggregates.py first seen with mtime 1665294326.570635
File C:\projects\django\studies\logger\Lib\site-packages\django\views\generic\base.py first seen with mtime 1665294326.8338137
File C:\Users\MO-SALAH\AppData\Local\Programs\Python\Python310\Lib\multiprocessing\context.py first seen with mtime 1659416368.0
File C:\projects\django\studies\logger\Lib\site-packages\django\utils\__init__.py first seen with mtime 1665294326.7958138
File C:\projects\django\studies\logger\Lib\site-packages\django\core\files\images.py first seen with mtime 1665294326.4716358
File C:\projects\django\studies\logger\Lib\site-packages\django\contrib\sessions\apps.py first seen with mtime 1665294326.0204256
File C:\Users\MO-SALAH\AppData\Local\Programs\Python\Python310\Lib\bisect.py first seen with mtime 1659416368.0
File C:\projects\django\studies\logger\Lib\site-packages\django\contrib\sites\requests.py first seen with mtime 1665294326.1804256
File C:\projects\django\studies\logger\Lib\site-packages\django\db\backends\sqlite3\introspection.py first seen with mtime 1665294326.555636
File C:\projects\django\studies\logger\Lib\site-packages\django\core\checks\registry.py first seen with mtime 1665294326.4636364
File C:\projects\django\studies\logger\Lib\site-packages\django\contrib\auth\__init__.py first seen with mtime 1665294324.5662463
File C:\projects\django\studies\logger\Lib\site-packages\django\core\files\move.py first seen with mtime 1665294326.4736357
File C:\projects\django\studies\logger\Lib\site-packages\django\core\wsgi.py first seen with mtime 1665294326.452636
File C:\Users\MO-SALAH\AppData\Local\Programs\Python\Python310\Lib\asyncio\mixins.py first seen with mtime 1659416368.0
File C:\projects\django\studies\logger\Lib\site-packages\django\core\management\__init__.py first seen with mtime 1665294326.4996357
File C:\projects\django\studies\logger\Lib\site-packages\django\core\files\__init__.py first seen with mtime 1665294326.4706364
File C:\projects\django\studies\logger\Lib\site-packages\django\template\engine.py first seen with mtime 1665294326.7672398
File C:\projects\django\studies\logger\Lib\site-packages\sqlparse\filters\right_margin.py first seen with mtime 1665294323.3911362
File C:\Users\MO-SALAH\AppData\Local\Programs\Python\Python310\Lib\_weakrefset.py first seen with mtime 1659416368.0
File C:\Users\MO-SALAH\AppData\Local\Programs\Python\Python310\Lib\sre_compile.py first seen with mtime 1659416368.0
File C:\projects\django\studies\logger\Lib\site-packages\django\db\migrations\__init__.py first seen with mtime 1665294326.5576355
File C:\Users\MO-SALAH\AppData\Local\Programs\Python\Python310\Lib\asyncio\windows_utils.py first seen with mtime 1659416368.0
File C:\projects\django\studies\logger\Lib\site-packages\django\contrib\contenttypes\forms.py first seen with mtime 1665294324.7312467
File C:\Users\MO-SALAH\AppData\Local\Programs\Python\Python310\Lib\concurrent\__init__.py first seen with mtime 1659416368.0
File C:\projects\django\studies\logger\Lib\site-packages\django\template\backends\django.py first seen with mtime 1665294326.773031
File C:\projects\django\studies\logger\Lib\site-packages\django\db\models\fields\proxy.py first seen with mtime 1665294326.5836363
File C:\Users\MO-SALAH\AppData\Local\Programs\Python\Python310\Lib\asyncio\protocols.py first seen with mtime 1659416368.0
File C:\projects\django\studies\logger\Lib\site-packages\django\core\files\uploadedfile.py first seen with mtime 1665294326.4746358
File C:\Users\MO-SALAH\AppData\Local\Programs\Python\Python310\Lib\locale.py first seen with mtime 1659416368.0
File C:\Users\MO-SALAH\AppData\Local\Programs\Python\Python310\Lib\subprocess.py first seen with mtime 1659416368.0
File C:\projects\django\studies\logger\Lib\site-packages\django\core\cache\backends\locmem.py first seen with mtime 1665294326.4576373
File C:\Users\MO-SALAH\AppData\Local\Programs\Python\Python310\Lib\socketserver.py first seen with mtime 1659416368.0
File C:\projects\django\studies\logger\Lib\site-packages\django\contrib\messages\apps.py first seen with mtime 1665294325.6674266
File C:\projects\django\studies\logger\Lib\site-packages\django\core\serializers\json.py first seen with mtime 1665294326.519636
File C:\projects\django\studies\logger\Lib\site-packages\django\contrib\admin\templatetags\log.py first seen with mtime 1665294324.4002461
File C:\projects\django\studies\logger\Lib\site-packages\django\db\backends\sqlite3\client.py first seen with mtime 1665294326.5546358
File C:\projects\django\studies\logger\Lib\site-packages\django\contrib\admin\checks.py first seen with mtime 1665294323.9992461
File C:\projects\django\studies\logger\Lib\site-packages\django\db\backends\sqlite3\features.py first seen with mtime 1665294326.555636
File C:\projects\django\studies\logger\Lib\site-packages\django\contrib\staticfiles\management\commands\__init__.py first seen with mtime 1665294326.4448853
File C:\Users\MO-SALAH\AppData\Local\Programs\Python\Python310\Lib\warnings.py first seen with mtime 1659416368.0
File C:\projects\django\studies\logger\Lib\site-packages\django\template\base.py first seen with mtime 1665294326.7632406
File C:\projects\django\studies\logger\Lib\site-packages\django\db\backends\base\creation.py first seen with mtime 1665294326.5296361
File C:\Users\MO-SALAH\AppData\Local\Programs\Python\Python310\Lib\encodings\__init__.py first seen with mtime 1659416368.0
File C:\projects\django\studies\logger\Lib\site-packages\django\template\defaultfilters.py first seen with mtime 1665294326.7662406
File C:\projects\django\studies\logger\Lib\site-packages\django\core\files\uploadhandler.py first seen with mtime 1665294326.477637
File C:\Users\MO-SALAH\AppData\Local\Programs\Python\Python310\Lib\wsgiref\__init__.py first seen with mtime 1659416368.0
File C:\projects\django\studies\logger\Lib\site-packages\django\utils\duration.py first seen with mtime 1665294326.8058133
File C:\projects\django\studies\logger\Lib\site-packages\django\db\models\deletion.py first seen with mtime 1665294326.573636
File C:\Users\MO-SALAH\AppData\Local\Programs\Python\Python310\Lib\http\cookies.py first seen with mtime 1659416368.0
File C:\projects\django\studies\logger\Lib\site-packages\django\views\decorators\__init__.py first seen with mtime 1665294326.8288107
File C:\Users\MO-SALAH\AppData\Local\Programs\Python\Python310\Lib\pathlib.py first seen with mtime 1659416368.0
File C:\projects\django\studies\logger\logger\templates\base.html first seen with mtime 1665307138.6140516
File C:\projects\django\studies\logger\logger\templates\create_post.html first seen with mtime 1665308313.7615309
File C:\projects\django\studies\logger\logger\templates\edit_post.html first seen with mtime 1665308627.505519
File C:\projects\django\studies\logger\logger\templates\list_post.html first seen with mtime 1665309902.2187319
File C:\projects\django\studies\logger\logger\templates\post_detail.html first seen with mtime 1665309556.8997073
File C:\projects\django\studies\logger\Lib\site-packages\django\db\migrations\graph.py first seen with mtime 1665294326.5606365
File C:\projects\django\studies\logger\Lib\site-packages\django\contrib\auth\migrations\__init__.py first seen with mtime 1665294324.7252462
File C:\projects\django\studies\logger\Lib\site-packages\django\db\migrations\recorder.py first seen with mtime 1665294326.564636
File C:\projects\django\studies\logger\Lib\site-packages\django\contrib\auth\migrations\0001_initial.py first seen with mtime 1665294324.719246
File C:\projects\django\studies\logger\Lib\site-packages\django\contrib\sessions\backends\__init__.py first seen with mtime 1665294326.0234263
File C:\projects\django\studies\logger\Lib\site-packages\django\db\models\sql\compiler.py first seen with mtime 1665294326.5916362
File C:\projects\django\studies\logger\Lib\site-packages\django\contrib\auth\migrations\0012_alter_user_first_name_max_length.py first seen with mtime 1665294324.7252462
File C:\projects\django\studies\logger\Lib\site-packages\django\contrib\sessions\exceptions.py first seen with mtime 1665294326.021426
File C:\projects\django\studies\logger\Lib\site-packages\django\contrib\admin\migrations\__init__.py first seen with mtime 1665294324.2902472
File C:\projects\django\studies\logger\Lib\site-packages\django\contrib\auth\migrations\0009_alter_user_last_name_max_length.py first seen with mtime 1665294324.7232459
File C:\projects\django\studies\logger\Lib\site-packages\django\contrib\auth\migrations\0006_require_contenttypes_0002.py first seen with mtime 1665294324.721246
File C:\projects\django\studies\logger\Lib\site-packages\django\contrib\auth\migrations\0011_update_proxy_permissions.py first seen with mtime 1665294324.724246
File C:\projects\django\studies\logger\Lib\site-packages\django\contrib\admin\migrations\0001_initial.py first seen with mtime 1665294324.288247
File C:\projects\django\studies\logger\Lib\site-packages\django\contrib\sessions\middleware.py first seen with mtime 1665294326.021426
File C:\projects\django\studies\logger\Lib\site-packages\django\contrib\auth\migrations\0002_alter_permission_name_max_length.py first seen with mtime 1665294324.719246
File C:\projects\django\studies\logger\Lib\site-packages\django\contrib\auth\migrations\0004_alter_user_username_opts.py first seen with mtime 1665294324.720246
File C:\Users\MO-SALAH\AppData\Local\Programs\Python\Python310\Lib\encodings\idna.py first seen with mtime 1659416368.0
File C:\projects\django\studies\logger\Lib\site-packages\django\contrib\messages\middleware.py first seen with mtime 1665294325.6684268
File C:\projects\django\studies\logger\Lib\site-packages\django\db\migrations\loader.py first seen with mtime 1665294326.5616362
File C:\projects\django\studies\logger\Lib\site-packages\django\db\migrations\executor.py first seen with mtime 1665294326.5606365
File C:\projects\django\studies\logger\Lib\site-packages\django\contrib\contenttypes\migrations\0002_remove_content_type_name.py first seen with mtime 1665294324.8642466
File C:\projects\django\studies\logger\Lib\site-packages\django\middleware\clickjacking.py first seen with mtime 1665294326.7576406
File C:\projects\django\studies\logger\Lib\site-packages\django\middleware\common.py first seen with mtime 1665294326.7586408
File C:\projects\django\studies\logger\logger\todo\migrations\__init__.py first seen with mtime 1665294439.3053854
File C:\projects\django\studies\logger\logger\todo\migrations\0001_initial.py first seen with mtime 1665306662.4594624
File C:\projects\django\studies\logger\Lib\site-packages\django\contrib\sessions\backends\db.py first seen with mtime 1665294326.0254257
File C:\projects\django\studies\logger\Lib\site-packages\django\contrib\auth\migrations\0008_alter_user_username_max_length.py first seen with mtime 1665294324.7222464
File C:\projects\django\studies\logger\Lib\site-packages\django\contrib\auth\migrations\0003_alter_user_email_max_length.py first seen with mtime 1665294324.720246
File C:\projects\django\studies\logger\Lib\site-packages\django\contrib\auth\migrations\0007_alter_validators_add_error_messages.py first seen with mtime 1665294324.7222464
File C:\projects\django\studies\logger\Lib\site-packages\django\contrib\contenttypes\migrations\__init__.py first seen with mtime 1665294324.8642466
File C:\projects\django\studies\logger\Lib\site-packages\django\contrib\contenttypes\migrations\0001_initial.py first seen with mtime 1665294324.8632462
File C:\projects\django\studies\logger\Lib\site-packages\django\contrib\sessions\backends\base.py first seen with mtime 1665294326.0234263
File C:\projects\django\studies\logger\Lib\site-packages\django\contrib\sessions\migrations\__init__.py first seen with mtime 1665294326.1704261
File C:\projects\django\studies\logger\Lib\site-packages\django\contrib\sessions\migrations\0001_initial.py first seen with mtime 1665294326.1704261
File C:\projects\django\studies\logger\Lib\site-packages\django\contrib\admin\migrations\0003_logentry_add_action_flag_choices.py first seen with mtime 1665294324.2892463
File C:\projects\django\studies\logger\Lib\site-packages\django\contrib\admin\migrations\0002_logentry_remove_auto_add.py first seen with mtime 1665294324.2892463
File C:\projects\django\studies\logger\Lib\site-packages\django\contrib\auth\migrations\0005_alter_user_last_login_null.py first seen with mtime 1665294324.721246
File C:\projects\django\studies\logger\logger\logger\wsgi.py first seen with mtime 1665294356.6178465
File C:\Users\MO-SALAH\AppData\Local\Programs\Python\Python310\Lib\stringprep.py first seen with mtime 1659416368.0
File C:\projects\django\studies\logger\Lib\site-packages\django\contrib\auth\migrations\0010_alter_group_name_max_length.py first seen with mtime 1665294324.724246
Internal Server Error: /list-posts/
Traceback (most recent call last):
  File "C:\projects\django\studies\logger\lib\site-packages\django\core\handlers\exception.py", line 55, in inner
    response = get_response(request)
  File "C:\projects\django\studies\logger\lib\site-packages\django\core\handlers\base.py", line 197, in _get_response
    response = wrapped_callback(request, *callback_args, **callback_kwargs)
  File "C:\projects\django\studies\logger\logger\todo\views.py", line 8, in list_posts
    posts = Post.object.all()
AttributeError: type object 'Post' has no attribute 'object'
"GET /list-posts/ HTTP/1.1" 500 145
File C:\projects\django\studies\logger\Lib\site-packages\django\contrib\messages\storage\session.py first seen with mtime 1665294325.6724267
File C:\projects\django\studies\logger\Lib\site-packages\django\contrib\messages\storage\cookie.py first seen with mtime 1665294325.671426
File C:\projects\django\studies\logger\Lib\site-packages\django\contrib\sessions\serializers.py first seen with mtime 1665294326.0224264
File C:\projects\django\studies\logger\Lib\site-packages\django\contrib\messages\storage\fallback.py first seen with mtime 1665294325.6724267
Internal Server Error: /list-posts/
Traceback (most recent call last):
  File "C:\projects\django\studies\logger\lib\site-packages\django\core\handlers\exception.py", line 55, in inner
    response = get_response(request)
  File "C:\projects\django\studies\logger\lib\site-packages\django\core\handlers\base.py", line 197, in _get_response
    response = wrapped_callback(request, *callback_args, **callback_kwargs)
  File "C:\projects\django\studies\logger\logger\todo\views.py", line 8, in list_posts
    posts = Post.object.all()
AttributeError: type object 'Post' has no attribute 'object'
"GET /list-posts/ HTTP/1.1" 500 145
File C:\projects\django\studies\logger\logger\todo\views.py previous mtime: 1665325232.4124625, current mtime: 1665349801.2002537
C:\projects\django\studies\logger\logger\todo\views.py notified as changed. Signal results: [(<function template_changed at 0x000001B3A4113010>, None), (<function translation_file_changed at 0x000001B3A49BCEE0>, None)].
C:\projects\django\studies\logger\logger\todo\views.py changed, reloading.
Watching for file changes with StatReloader
Waiting for apps ready_event.
Apps ready_event triggered. Sending autoreload_started signal.
Watching dir C:\projects\django\studies\logger\logger\templates with glob **/*.
Watching dir C:\projects\django\studies\logger\logger\locale with glob **/*.mo.
Watching dir C:\projects\django\studies\logger\logger\todo\locale with glob **/*.mo.
File C:\projects\django\studies\logger\Lib\site-packages\django\db\backends\sqlite3\operations.py first seen with mtime 1665294326.556636
File C:\projects\django\studies\logger\Lib\site-packages\django\utils\cache.py first seen with mtime 1665294326.799811
File C:\Users\MO-SALAH\AppData\Local\Programs\Python\Python310\Lib\asyncio\streams.py first seen with mtime 1659416368.0
File C:\projects\django\studies\logger\Lib\site-packages\django\views\generic\edit.py first seen with mtime 1665294326.835813
File C:\projects\django\studies\logger\Lib\site-packages\django\db\backends\base\__init__.py first seen with mtime 1665294326.5276358
File C:\projects\django\studies\logger\Lib\site-packages\django\template\backends\__init__.py first seen with mtime 1665294326.7720308
File C:\projects\django\studies\logger\Lib\site-packages\django\forms\forms.py first seen with mtime 1665294326.5996354
File C:\projects\django\studies\logger\Lib\site-packages\django\dispatch\dispatcher.py first seen with mtime 1665294326.5966363
File C:\Users\MO-SALAH\AppData\Local\Programs\Python\Python310\Lib\urllib\request.py first seen with mtime 1659416368.0
File C:\Users\MO-SALAH\AppData\Local\Programs\Python\Python310\Lib\_markupbase.py first seen with mtime 1659416368.0
File C:\projects\django\studies\logger\Lib\site-packages\django\utils\version.py first seen with mtime 1665294326.8208134
File C:\Users\MO-SALAH\AppData\Local\Programs\Python\Python310\Lib\http\__init__.py first seen with mtime 1659416368.0
File C:\Users\MO-SALAH\AppData\Local\Programs\Python\Python310\Lib\asyncio\__init__.py first seen with mtime 1659416368.0
File C:\Users\MO-SALAH\AppData\Local\Programs\Python\Python310\Lib\gzip.py first seen with mtime 1659416368.0
File C:\projects\django\studies\logger\Lib\site-packages\django\template\exceptions.py first seen with mtime 1665294326.7682748
File C:\projects\django\studies\logger\Lib\site-packages\django\middleware\cache.py first seen with mtime 1665294326.7576406
File C:\projects\django\studies\logger\Lib\site-packages\django\contrib\staticfiles\management\__init__.py first seen with mtime 1665294326.4438856
File C:\projects\django\studies\logger\Lib\site-packages\django\contrib\admin\views\main.py first seen with mtime 1665294324.4022462
File C:\projects\django\studies\logger\Lib\site-packages\django\contrib\admin\options.py first seen with mtime 1665294324.004246
File C:\projects\django\studies\logger\Lib\site-packages\django\template\context.py first seen with mtime 1665294326.7642403
File C:\Users\MO-SALAH\AppData\Local\Programs\Python\Python310\Lib\concurrent\futures\thread.py first seen with mtime 1659416368.0
File C:\Users\MO-SALAH\AppData\Local\Programs\Python\Python310\Lib\contextvars.py first seen with mtime 1659416368.0
File C:\projects\django\studies\logger\Lib\site-packages\django\contrib\staticfiles\management\commands\runserver.py first seen with mtime 1665294326.446887
File C:\projects\django\studies\logger\Lib\site-packages\django\core\files\uploadedfile.py first seen with mtime 1665294326.4746358
File C:\projects\django\studies\logger\Lib\site-packages\django\contrib\admin\views\__init__.py first seen with mtime 1665294324.4012465
File C:\projects\django\studies\logger\Lib\site-packages\django\utils\tree.py first seen with mtime 1665294326.8208134
File C:\projects\django\studies\logger\Lib\site-packages\django\views\generic\base.py first seen with mtime 1665294326.8338137
File C:\Users\MO-SALAH\AppData\Local\Programs\Python\Python310\Lib\email\mime\text.py first seen with mtime 1659416368.0
File C:\projects\django\studies\logger\Lib\site-packages\django\contrib\messages\storage\base.py first seen with mtime 1665294325.671426
File C:\projects\django\studies\logger\Lib\site-packages\django\templatetags\tz.py first seen with mtime 1665294326.7833743
File C:\projects\django\studies\logger\Lib\site-packages\django\conf\urls\__init__.py first seen with mtime 1665294323.9952464
File C:\projects\django\studies\logger\Lib\site-packages\django\utils\__init__.py first seen with mtime 1665294326.7958138
File C:\Users\MO-SALAH\AppData\Local\Programs\Python\Python310\Lib\sre_compile.py first seen with mtime 1659416368.0
File C:\Users\MO-SALAH\AppData\Local\Programs\Python\Python310\Lib\subprocess.py first seen with mtime 1659416368.0
File C:\projects\django\studies\logger\Lib\site-packages\django\db\models\aggregates.py first seen with mtime 1665294326.570635
File C:\projects\django\studies\logger\Lib\site-packages\django\__init__.py first seen with mtime 1665294323.726246
File C:\projects\django\studies\logger\Lib\site-packages\django\db\models\fields\related.py first seen with mtime 1665294326.5846355
File C:\projects\django\studies\logger\Lib\site-packages\django\db\models\fields\related_descriptors.py first seen with mtime 1665294326.5846355
File C:\projects\django\studies\logger\Lib\site-packages\django\db\models\functions\math.py first seen with mtime 1665294326.588636
File C:\Users\MO-SALAH\AppData\Local\Programs\Python\Python310\Lib\wsgiref\simple_server.py first seen with mtime 1659416368.0
File C:\projects\django\studies\logger\Lib\site-packages\django\core\checks\caches.py first seen with mtime 1665294326.460636
File C:\Users\MO-SALAH\AppData\Local\Programs\Python\Python310\Lib\random.py first seen with mtime 1659416368.0
File C:\projects\django\studies\logger\Lib\site-packages\django\db\models\functions\text.py first seen with mtime 1665294326.5896356
File C:\projects\django\studies\logger\Lib\site-packages\django\core\handlers\wsgi.py first seen with mtime 1665294326.4896405
File C:\projects\django\studies\logger\Lib\site-packages\django\core\wsgi.py first seen with mtime 1665294326.452636
File C:\projects\django\studies\logger\Lib\site-packages\django\db\models\deletion.py first seen with mtime 1665294326.573636
File C:\projects\django\studies\logger\Lib\site-packages\django\db\backends\sqlite3\_functions.py first seen with mtime 1665294326.5526364
File C:\projects\django\studies\logger\Lib\site-packages\django\utils\formats.py first seen with mtime 1665294326.8068135
File C:\Users\MO-SALAH\AppData\Local\Programs\Python\Python310\Lib\ctypes\wintypes.py first seen with mtime 1659416368.0
File C:\Users\MO-SALAH\AppData\Local\Programs\Python\Python310\Lib\email\generator.py first seen with mtime 1659416368.0
File C:\projects\django\studies\logger\Lib\site-packages\django\utils\itercompat.py first seen with mtime 1665294326.81281
File C:\Users\MO-SALAH\AppData\Local\Programs\Python\Python310\Lib\concurrent\futures\__init__.py first seen with mtime 1659416368.0
File C:\projects\django\studies\logger\Lib\site-packages\django\templatetags\i18n.py first seen with mtime 1665294326.7803476
File C:\projects\django\studies\logger\Lib\site-packages\django\core\handlers\base.py first seen with mtime 1665294326.4866397
File C:\projects\django\studies\logger\Lib\site-packages\django\middleware\__init__.py first seen with mtime 1665294326.756641
File C:\Users\MO-SALAH\AppData\Local\Programs\Python\Python310\Lib\fnmatch.py first seen with mtime 1659416368.0
File C:\projects\django\studies\logger\Lib\site-packages\django\contrib\__init__.py first seen with mtime 1665294323.9972463
File C:\projects\django\studies\logger\Lib\site-packages\django\template\response.py first seen with mtime 1665294326.7700224
File C:\projects\django\studies\logger\Lib\site-packages\sqlparse\engine\grouping.py first seen with mtime 1665294323.387137
File C:\projects\django\studies\logger\Lib\site-packages\asgiref\current_thread_executor.py first seen with mtime 1665294323.6081724
File C:\Users\MO-SALAH\AppData\Local\Programs\Python\Python310\DLLs\_uuid.pyd first seen with mtime 1659416398.0
File C:\projects\django\studies\logger\Lib\site-packages\django\db\models\query.py first seen with mtime 1665294326.5786357
File C:\projects\django\studies\logger\Lib\site-packages\django\contrib\messages\storage\__init__.py first seen with mtime 1665294325.6704266
File C:\Users\MO-SALAH\AppData\Local\Programs\Python\Python310\Lib\encodings\__init__.py first seen with mtime 1659416368.0
File C:\Users\MO-SALAH\AppData\Local\Programs\Python\Python310\Lib\email\errors.py first seen with mtime 1659416368.0
File C:\projects\django\studies\logger\Lib\site-packages\sqlparse\filters\others.py first seen with mtime 1665294323.390137
File C:\projects\django\studies\logger\Lib\site-packages\django\db\models\signals.py first seen with mtime 1665294326.5796363
File C:\Users\MO-SALAH\AppData\Local\Programs\Python\Python310\Lib\uuid.py first seen with mtime 1659416368.0
File C:\Users\MO-SALAH\AppData\Local\Programs\Python\Python310\Lib\contextlib.py first seen with mtime 1659416368.0
File C:\projects\django\studies\logger\Lib\site-packages\django\core\mail\message.py first seen with mtime 1665294326.4916403
File C:\projects\django\studies\logger\Lib\site-packages\django\db\models\functions\mixins.py first seen with mtime 1665294326.588636
File C:\projects\django\studies\logger\Lib\site-packages\django\template\defaultfilters.py first seen with mtime 1665294326.7662406
File C:\Users\MO-SALAH\AppData\Local\Programs\Python\Python310\Lib\zoneinfo\_tzpath.py first seen with mtime 1659416368.0
File C:\Users\MO-SALAH\AppData\Local\Programs\Python\Python310\Lib\pathlib.py first seen with mtime 1659416368.0
File C:\projects\django\studies\logger\logger\todo\views.py first seen with mtime 1665349801.2002537
File C:\projects\django\studies\logger\Lib\site-packages\django\db\models\sql\query.py first seen with mtime 1665294326.5936353
File C:\projects\django\studies\logger\Lib\site-packages\django\core\serializers\base.py first seen with mtime 1665294326.519636
File C:\projects\django\studies\logger\Lib\site-packages\django\core\cache\backends\filebased.py first seen with mtime 1665294326.4566357
File C:\projects\django\studies\logger\Lib\site-packages\django\core\handlers\__init__.py first seen with mtime 1665294326.4786355
File C:\projects\django\studies\logger\Lib\site-packages\django\core\__init__.py first seen with mtime 1665294326.4488857
File C:\Users\MO-SALAH\AppData\Local\Programs\Python\Python310\Lib\linecache.py first seen with mtime 1659416368.0
File C:\Users\MO-SALAH\AppData\Local\Programs\Python\Python310\DLLs\_socket.pyd first seen with mtime 1659416398.0
File C:\Users\MO-SALAH\AppData\Local\Programs\Python\Python310\Lib\codecs.py first seen with mtime 1659416368.0
File C:\projects\django\studies\logger\Lib\site-packages\django\db\backends\sqlite3\features.py first seen with mtime 1665294326.555636
File C:\projects\django\studies\logger\Lib\site-packages\django\utils\html.py first seen with mtime 1665294326.8088136
File C:\projects\django\studies\logger\Lib\site-packages\django\core\checks\database.py first seen with mtime 1665294326.460636
File C:\Users\MO-SALAH\AppData\Local\Programs\Python\Python310\Lib\pkgutil.py first seen with mtime 1659416368.0
File C:\projects\django\studies\logger\Lib\site-packages\django\template\autoreload.py first seen with mtime 1665294326.7632406
File C:\Users\MO-SALAH\AppData\Local\Programs\Python\Python310\Lib\ssl.py first seen with mtime 1659416368.0
File C:\Users\MO-SALAH\AppData\Local\Programs\Python\Python310\Lib\calendar.py first seen with mtime 1659416368.0
File C:\projects\django\studies\logger\Lib\site-packages\sqlparse\lexer.py first seen with mtime 1665294323.3791363
File C:\projects\django\studies\logger\Lib\site-packages\django\db\backends\base\operations.py first seen with mtime 1665294326.5316365
File C:\Users\MO-SALAH\AppData\Local\Programs\Python\Python310\Lib\platform.py first seen with mtime 1659416368.0
File C:\projects\django\studies\logger\Lib\site-packages\django\template\loader_tags.py first seen with mtime 1665294326.7700224
File C:\projects\django\studies\logger\Lib\site-packages\django\forms\formsets.py first seen with mtime 1665294326.6006355
File C:\projects\django\studies\logger\Lib\site-packages\django\core\files\temp.py first seen with mtime 1665294326.4746358
File C:\Users\MO-SALAH\AppData\Local\Programs\Python\Python310\DLLs\_queue.pyd first seen with mtime 1659416398.0
File C:\projects\django\studies\logger\Lib\site-packages\sqlparse\cli.py first seen with mtime 1665294323.376136
File C:\Users\MO-SALAH\AppData\Local\Programs\Python\Python310\Lib\ctypes\_endian.py first seen with mtime 1659416368.0
File C:\projects\django\studies\logger\Lib\site-packages\django\core\checks\security\base.py first seen with mtime 1665294326.468636
File C:\Users\MO-SALAH\AppData\Local\Programs\Python\Python310\DLLs\_hashlib.pyd first seen with mtime 1659416398.0
File C:\Users\MO-SALAH\AppData\Local\Programs\Python\Python310\Lib\zoneinfo\_common.py first seen with mtime 1659416368.0
File C:\projects\django\studies\logger\Lib\site-packages\django\core\checks\translation.py first seen with mtime 1665294326.4646375
File C:\Users\MO-SALAH\AppData\Local\Programs\Python\Python310\Lib\asyncio\locks.py first seen with mtime 1659416368.0
File C:\projects\django\studies\logger\Lib\site-packages\django\urls\__init__.py first seen with mtime 1665294326.7903476
File C:\Users\MO-SALAH\AppData\Local\Programs\Python\Python310\Lib\email\__init__.py first seen with mtime 1659416368.0
File C:\projects\django\studies\logger\Lib\site-packages\django\contrib\sessions\__init__.py first seen with mtime 1665294326.0194263
File C:\projects\django\studies\logger\Lib\site-packages\django\contrib\sessions\models.py first seen with mtime 1665294326.0224264
File C:\projects\django\studies\logger\Lib\site-packages\django\utils\safestring.py first seen with mtime 1665294326.8168142
File C:\Users\MO-SALAH\AppData\Local\Programs\Python\Python310\Lib\urllib\__init__.py first seen with mtime 1659416368.0
File C:\projects\django\studies\logger\Lib\site-packages\django\contrib\auth\admin.py first seen with mtime 1665294324.5662463
File C:\projects\django\studies\logger\Lib\site-packages\django\core\checks\templates.py first seen with mtime 1665294326.4646375
File C:\projects\django\studies\logger\Lib\site-packages\django\utils\hashable.py first seen with mtime 1665294326.8078134
File C:\Users\MO-SALAH\AppData\Local\Programs\Python\Python310\Lib\asyncio\log.py first seen with mtime 1659416368.0
File C:\projects\django\studies\logger\Lib\site-packages\django\utils\regex_helper.py first seen with mtime 1665294326.8168142
File C:\Users\MO-SALAH\AppData\Local\Programs\Python\Python310\DLLs\_overlapped.pyd first seen with mtime 1659416398.0
File C:\projects\django\studies\logger\Lib\site-packages\django\db\models\fields\mixins.py first seen with mtime 1665294326.582637
File C:\projects\django\studies\logger\Lib\site-packages\django\contrib\staticfiles\apps.py first seen with mtime 1665294326.438886
File C:\projects\django\studies\logger\Lib\site-packages\django\db\backends\utils.py first seen with mtime 1665294326.526636
File C:\projects\django\studies\logger\Lib\site-packages\sqlparse\formatter.py first seen with mtime 1665294323.377136
File C:\projects\django\studies\logger\Lib\site-packages\django\db\models\base.py first seen with mtime 1665294326.5716362
File C:\projects\django\studies\logger\Lib\site-packages\django\core\checks\__init__.py first seen with mtime 1665294326.458636
File C:\projects\django\studies\logger\Lib\site-packages\django\contrib\auth\__init__.py first seen with mtime 1665294324.5662463
File C:\projects\django\studies\logger\Lib\site-packages\django\contrib\auth\models.py first seen with mtime 1665294324.5732462
File C:\projects\django\studies\logger\Lib\site-packages\django\utils\encoding.py first seen with mtime 1665294326.8058133
File C:\projects\django\studies\logger\Lib\site-packages\django\urls\resolvers.py first seen with mtime 1665294326.793801
File C:\projects\django\studies\logger\Lib\site-packages\django\core\files\move.py first seen with mtime 1665294326.4736357
File C:\projects\django\studies\logger\Lib\site-packages\django\utils\connection.py first seen with mtime 1665294326.799811
File C:\Users\MO-SALAH\AppData\Local\Programs\Python\Python310\Lib\sysconfig.py first seen with mtime 1659416368.0
File C:\Users\MO-SALAH\AppData\Local\Programs\Python\Python310\Lib\email\_encoded_words.py first seen with mtime 1659416368.0
File C:\projects\django\studies\logger\Lib\site-packages\django\http\__init__.py first seen with mtime 1665294326.753642
File C:\projects\django\studies\logger\Lib\site-packages\django\contrib\admin\sites.py first seen with mtime 1665294324.005247
File C:\projects\django\studies\logger\Lib\site-packages\django\core\checks\security\__init__.py first seen with mtime 1665294326.467636
File C:\projects\django\studies\logger\Lib\site-packages\django\contrib\contenttypes\checks.py first seen with mtime 1665294324.7302477
File C:\projects\django\studies\logger\Lib\site-packages\asgiref\sync.py first seen with mtime 1665294323.6107075
File C:\projects\django\studies\logger\Lib\site-packages\django\db\utils.py first seen with mtime 1665294326.5246358
File C:\projects\django\studies\logger\Lib\site-packages\django\contrib\auth\hashers.py first seen with mtime 1665294324.5722466
File C:\projects\django\studies\logger\Lib\site-packages\django\forms\boundfield.py first seen with mtime 1665294326.598636
File C:\projects\django\studies\logger\Lib\site-packages\django\template\backends\django.py first seen with mtime 1665294326.773031
File C:\projects\django\studies\logger\Lib\site-packages\django\templatetags\cache.py first seen with mtime 1665294326.7803476
File C:\projects\django\studies\logger\Lib\site-packages\django\utils\dateparse.py first seen with mtime 1665294326.8018134
File C:\Users\MO-SALAH\AppData\Local\Programs\Python\Python310\Lib\asyncio\futures.py first seen with mtime 1659416368.0
File C:\projects\django\studies\logger\Lib\site-packages\django\utils\asyncio.py first seen with mtime 1665294326.7978127
File C:\projects\django\studies\logger\Lib\site-packages\django\apps\registry.py first seen with mtime 1665294323.7302465
File C:\projects\django\studies\logger\Lib\site-packages\django\contrib\auth\base_user.py first seen with mtime 1665294324.5682461
File C:\projects\django\studies\logger\Lib\site-packages\django\db\models\enums.py first seen with mtime 1665294326.5746355
File C:\projects\django\studies\logger\Lib\site-packages\django\http\multipartparser.py first seen with mtime 1665294326.7546427
File C:\Users\MO-SALAH\AppData\Local\Programs\Python\Python310\Lib\secrets.py first seen with mtime 1659416368.0
File C:\projects\django\studies\logger\Lib\site-packages\django\utils\datastructures.py first seen with mtime 1665294326.8008137
File C:\projects\django\studies\logger\Lib\site-packages\django\db\models\__init__.py first seen with mtime 1665294326.570635
File C:\projects\django\studies\logger\Lib\site-packages\django\core\cache\__init__.py first seen with mtime 1665294326.453636
File C:\projects\django\studies\logger\Lib\site-packages\django\db\models\fields\related_lookups.py first seen with mtime 1665294326.585636
File C:\projects\django\studies\logger\Lib\site-packages\django\db\migrations\utils.py first seen with mtime 1665294326.5666356
File C:\Users\MO-SALAH\AppData\Local\Programs\Python\Python310\Lib\urllib\error.py first seen with mtime 1659416368.0
File C:\Users\MO-SALAH\AppData\Local\Programs\Python\Python310\Lib\socket.py first seen with mtime 1659416368.0
File C:\projects\django\studies\logger\Lib\site-packages\django\contrib\admin\widgets.py first seen with mtime 1665294324.007246
File C:\Users\MO-SALAH\AppData\Local\Programs\Python\Python310\Lib\numbers.py first seen with mtime 1659416368.0
File C:\Users\MO-SALAH\AppData\Local\Programs\Python\Python310\DLLs\_zoneinfo.pyd first seen with mtime 1659416398.0
File C:\projects\django\studies\logger\Lib\site-packages\django\contrib\staticfiles\finders.py first seen with mtime 1665294326.440885
File C:\Users\MO-SALAH\AppData\Local\Programs\Python\Python310\Lib\encodings\aliases.py first seen with mtime 1659416368.0
File C:\projects\django\studies\logger\Lib\site-packages\django\contrib\admin\templatetags\admin_urls.py first seen with mtime 1665294324.399247
File C:\projects\django\studies\logger\Lib\site-packages\django\db\models\functions\window.py first seen with mtime 1665294326.5896356
File C:\Users\MO-SALAH\AppData\Local\Programs\Python\Python310\Lib\email\_parseaddr.py first seen with mtime 1659416368.0
File C:\projects\django\studies\logger\Lib\site-packages\django\core\handlers\asgi.py first seen with mtime 1665294326.4836404
File C:\projects\django\studies\logger\Lib\site-packages\django\views\debug.py first seen with mtime 1665294326.8268137
File C:\Users\MO-SALAH\AppData\Local\Programs\Python\Python310\Lib\multiprocessing\__init__.py first seen with mtime 1659416368.0
File C:\projects\django\studies\logger\Lib\site-packages\django\contrib\admin\utils.py first seen with mtime 1665294324.0062468
File C:\projects\django\studies\logger\Lib\site-packages\django\contrib\contenttypes\forms.py first seen with mtime 1665294324.7312467
File C:\Users\MO-SALAH\AppData\Local\Programs\Python\Python310\Lib\site.py first seen with mtime 1659416368.0
File C:\projects\django\studies\logger\Lib\site-packages\django\views\generic\list.py first seen with mtime 1665294326.8368142
File C:\Users\MO-SALAH\AppData\Local\Programs\Python\Python310\Lib\difflib.py first seen with mtime 1659416368.0
File C:\projects\django\studies\logger\Lib\site-packages\django\urls\converters.py first seen with mtime 1665294326.7923477
File C:\projects\django\studies\logger\Lib\site-packages\django\core\cache\backends\base.py first seen with mtime 1665294326.4546356
File C:\Users\MO-SALAH\AppData\Local\Programs\Python\Python310\Lib\collections\__init__.py first seen with mtime 1659416368.0
File C:\projects\django\studies\logger\Lib\site-packages\django\contrib\messages\api.py first seen with mtime 1665294325.6664262
File C:\projects\django\studies\logger\Lib\site-packages\django\utils\topological_sort.py first seen with mtime 1665294326.8198135
File C:\projects\django\studies\logger\Lib\site-packages\django\db\models\constraints.py first seen with mtime 1665294326.572636
File C:\projects\django\studies\logger\Lib\site-packages\django\templatetags\__init__.py first seen with mtime 1665294326.7793477
File C:\projects\django\studies\logger\logger\logger\__init__.py first seen with mtime 1665294355.599137
File C:\Users\MO-SALAH\AppData\Local\Programs\Python\Python310\Lib\importlib\__init__.py first seen with mtime 1659416368.0
File C:\Users\MO-SALAH\AppData\Local\Programs\Python\Python310\Lib\copyreg.py first seen with mtime 1659416368.0
File C:\Users\MO-SALAH\AppData\Local\Programs\Python\Python310\Lib\urllib\parse.py first seen with mtime 1659416368.0
File C:\Users\MO-SALAH\AppData\Local\Programs\Python\Python310\Lib\uu.py first seen with mtime 1659416368.0
File C:\projects\django\studies\logger\Lib\site-packages\django\core\checks\compatibility\__init__.py first seen with mtime 1665294326.4666362
File C:\projects\django\studies\logger\Lib\site-packages\django\contrib\contenttypes\apps.py first seen with mtime 1665294324.7292461
File C:\projects\django\studies\logger\Lib\site-packages\django\core\checks\security\sessions.py first seen with mtime 1665294326.469637
File C:\Users\MO-SALAH\AppData\Local\Programs\Python\Python310\Lib\html\__init__.py first seen with mtime 1659416368.0
File C:\Users\MO-SALAH\AppData\Local\Programs\Python\Python310\Lib\nturl2path.py first seen with mtime 1659416368.0
File C:\projects\django\studies\logger\Lib\site-packages\django\contrib\sessions\base_session.py first seen with mtime 1665294326.0204256
File C:\Users\MO-SALAH\AppData\Local\Programs\Python\Python310\Lib\token.py first seen with mtime 1659416368.0
File C:\projects\django\studies\logger\Lib\site-packages\django\contrib\sites\shortcuts.py first seen with mtime 1665294326.1804256
File C:\Users\MO-SALAH\AppData\Local\Programs\Python\Python310\Lib\io.py first seen with mtime 1659416368.0
File C:\projects\django\studies\logger\Lib\site-packages\django\db\backends\base\features.py first seen with mtime 1665294326.5296361
File C:\projects\django\studies\logger\Lib\site-packages\sqlparse\keywords.py first seen with mtime 1665294323.3781362
File C:\projects\django\studies\logger\Lib\site-packages\django\contrib\admin\helpers.py first seen with mtime 1665294324.0022466
File C:\Users\MO-SALAH\AppData\Local\Programs\Python\Python310\Lib\inspect.py first seen with mtime 1659416368.0
File C:\Users\MO-SALAH\AppData\Local\Programs\Python\Python310\Lib\types.py first seen with mtime 1659416368.0
File C:\projects\django\studies\logger\Lib\site-packages\django\core\management\__init__.py first seen with mtime 1665294326.4996357
File C:\Users\MO-SALAH\AppData\Local\Programs\Python\Python310\Lib\http\server.py first seen with mtime 1659416368.0
File C:\projects\django\studies\logger\Lib\site-packages\django\core\management\commands\runserver.py first seen with mtime 1665294326.5116365
File C:\Users\MO-SALAH\AppData\Local\Programs\Python\Python310\Lib\email\feedparser.py first seen with mtime 1659416368.0
File C:\Users\MO-SALAH\AppData\Local\Programs\Python\Python310\Lib\wsgiref\__init__.py first seen with mtime 1659416368.0
File C:\projects\django\studies\logger\Lib\site-packages\django\views\decorators\csrf.py first seen with mtime 1665294326.8308136
File C:\projects\django\studies\logger\Lib\site-packages\django\contrib\staticfiles\utils.py first seen with mtime 1665294326.442885
File C:\projects\django\studies\logger\Lib\site-packages\django\core\cache\backends\__init__.py first seen with mtime 1665294326.4546356
File C:\Users\MO-SALAH\AppData\Local\Programs\Python\Python310\Lib\email\quoprimime.py first seen with mtime 1659416368.0
File C:\projects\django\studies\logger\Lib\site-packages\asgiref\__init__.py first seen with mtime 1665294323.6061735
File C:\Users\MO-SALAH\AppData\Local\Programs\Python\Python310\Lib\_collections_abc.py first seen with mtime 1659416368.0
File C:\projects\django\studies\logger\Lib\site-packages\django\core\checks\async_checks.py first seen with mtime 1665294326.4596362
File C:\Users\MO-SALAH\AppData\Local\Programs\Python\Python310\Lib\email\mime\multipart.py first seen with mtime 1659416368.0
File C:\projects\django\studies\logger\Lib\site-packages\django\db\backends\sqlite3\schema.py first seen with mtime 1665294326.5576355
File C:\Users\MO-SALAH\AppData\Local\Programs\Python\Python310\Lib\asyncio\runners.py first seen with mtime 1659416368.0
File C:\Users\MO-SALAH\AppData\Local\Programs\Python\Python310\Lib\signal.py first seen with mtime 1659416368.0
File C:\projects\django\studies\logger\Lib\site-packages\django\template\defaulttags.py first seen with mtime 1665294326.7662406
File C:\projects\django\studies\logger\Lib\site-packages\django\template\engine.py first seen with mtime 1665294326.7672398
File C:\projects\django\studies\logger\Lib\site-packages\django\contrib\auth\password_validation.py first seen with mtime 1665294324.5742466
File C:\projects\django\studies\logger\Lib\site-packages\django\db\models\fields\proxy.py first seen with mtime 1665294326.5836363
File C:\projects\django\studies\logger\Lib\site-packages\django\contrib\admin\checks.py first seen with mtime 1665294323.9992461
File C:\projects\django\studies\logger\Lib\site-packages\django\utils\translation\reloader.py first seen with mtime 1665294326.8228135
File C:\projects\django\studies\logger\logger\logger\settings.py first seen with mtime 1665325856.034804
File C:\Users\MO-SALAH\AppData\Local\Programs\Python\Python310\Lib\opcode.py first seen with mtime 1659416368.0
File C:\projects\django\studies\logger\Lib\site-packages\django\contrib\auth\tokens.py first seen with mtime 1665294324.5752466
File C:\projects\django\studies\logger\Lib\site-packages\django\contrib\messages\constants.py first seen with mtime 1665294325.6674266
File C:\projects\django\studies\logger\Lib\site-packages\sqlparse\filters\reindent.py first seen with mtime 1665294323.3911362
File C:\Users\MO-SALAH\AppData\Local\Programs\Python\Python310\Lib\json\scanner.py first seen with mtime 1659416368.0
File C:\Users\MO-SALAH\AppData\Local\Programs\Python\Python310\Lib\sqlite3\__init__.py first seen with mtime 1659416368.0
File C:\projects\django\studies\logger\Lib\site-packages\django\contrib\auth\middleware.py first seen with mtime 1665294324.5722466
File C:\projects\django\studies\logger\Lib\site-packages\django\contrib\staticfiles\handlers.py first seen with mtime 1665294326.440885
File C:\projects\django\studies\logger\Lib\site-packages\sqlparse\utils.py first seen with mtime 1665294323.380136
File C:\projects\django\studies\logger\Lib\site-packages\django\views\__init__.py first seen with mtime 1665294326.8248136
File C:\projects\django\studies\logger\Lib\site-packages\django\db\transaction.py first seen with mtime 1665294326.5246358
File C:\projects\django\studies\logger\Lib\site-packages\django\core\files\locks.py first seen with mtime 1665294326.4726362
File C:\projects\django\studies\logger\Lib\site-packages\django\core\mail\__init__.py first seen with mtime 1665294326.4906409
File C:\Users\MO-SALAH\AppData\Local\Programs\Python\Python310\DLLs\_asyncio.pyd first seen with mtime 1659416398.0
File C:\projects\django\studies\logger\Lib\site-packages\django\contrib\auth\checks.py first seen with mtime 1665294324.5682461
File C:\Users\MO-SALAH\AppData\Local\Programs\Python\Python310\Lib\asyncio\constants.py first seen with mtime 1659416368.0
File C:\Users\MO-SALAH\AppData\Local\Programs\Python\Python310\Lib\asyncio\selector_events.py first seen with mtime 1659416368.0
File C:\projects\django\studies\logger\Lib\site-packages\django\utils\timezone.py first seen with mtime 1665294326.8198135
File C:\Users\MO-SALAH\AppData\Local\Programs\Python\Python310\Lib\logging\__init__.py first seen with mtime 1659416368.0
File C:\projects\django\studies\logger\Lib\site-packages\django\contrib\messages\utils.py first seen with mtime 1665294325.6694264
File C:\Users\MO-SALAH\AppData\Local\Programs\Python\Python310\Lib\asyncio\staggered.py first seen with mtime 1659416368.0
File C:\Users\MO-SALAH\AppData\Local\Programs\Python\Python310\Lib\asyncio\transports.py first seen with mtime 1659416368.0
File C:\projects\django\studies\logger\Lib\site-packages\django\template\__init__.py first seen with mtime 1665294326.7622423
File C:\projects\django\studies\logger\Lib\site-packages\django\utils\termcolors.py first seen with mtime 1665294326.8178139
File C:\Users\MO-SALAH\AppData\Local\Programs\Python\Python310\Lib\reprlib.py first seen with mtime 1659416368.0
File C:\Users\MO-SALAH\AppData\Local\Programs\Python\Python310\Lib\email\mime\base.py first seen with mtime 1659416368.0
File C:\Users\MO-SALAH\AppData\Local\Programs\Python\Python310\Lib\bisect.py first seen with mtime 1659416368.0
File C:\Users\MO-SALAH\AppData\Local\Programs\Python\Python310\Lib\gettext.py first seen with mtime 1659416368.0
File C:\projects\django\studies\logger\Lib\site-packages\django\contrib\staticfiles\checks.py first seen with mtime 1665294326.4398851
File C:\projects\django\studies\logger\Lib\site-packages\django\contrib\staticfiles\management\commands\__init__.py first seen with mtime 1665294326.4448853
File C:\projects\django\studies\logger\Lib\site-packages\django\db\models\options.py first seen with mtime 1665294326.5776365
File C:\projects\django\studies\logger\logger\todo\urls.py first seen with mtime 1665309976.017698
File C:\projects\django\studies\logger\Lib\site-packages\django\db\migrations\exceptions.py first seen with mtime 1665294326.5596373
File C:\projects\django\studies\logger\logger\logger\urls.py first seen with mtime 1665294588.1793635
File C:\Users\MO-SALAH\AppData\Local\Programs\Python\Python310\Lib\logging\config.py first seen with mtime 1659416368.0
File C:\projects\django\studies\logger\Lib\site-packages\sqlparse\filters\right_margin.py first seen with mtime 1665294323.3911362
File C:\Users\MO-SALAH\AppData\Local\Programs\Python\Python310\Lib\heapq.py first seen with mtime 1659416368.0
File C:\Users\MO-SALAH\AppData\Local\Programs\Python\Python310\Lib\queue.py first seen with mtime 1659416368.0
File C:\projects\django\studies\logger\Lib\site-packages\django\template\loaders\filesystem.py first seen with mtime 1665294326.7783492
File C:\projects\django\studies\logger\Lib\site-packages\django\utils\duration.py first seen with mtime 1665294326.8058133
File C:\projects\django\studies\logger\Lib\site-packages\django\urls\base.py first seen with mtime 1665294326.7913475
File C:\Users\MO-SALAH\AppData\Local\Programs\Python\Python310\Lib\email\_policybase.py first seen with mtime 1659416368.0
File C:\projects\django\studies\logger\Lib\site-packages\django\contrib\admin\apps.py first seen with mtime 1665294323.9992461
File C:\Users\MO-SALAH\AppData\Local\Programs\Python\Python310\Lib\weakref.py first seen with mtime 1659416368.0
File C:\projects\django\studies\logger\Lib\site-packages\django\conf\__init__.py first seen with mtime 1665294323.7302465
File C:\Users\MO-SALAH\AppData\Local\Programs\Python\Python310\Lib\asyncio\base_tasks.py first seen with mtime 1659416368.0
File C:\projects\django\studies\logger\Lib\site-packages\django\contrib\admin\exceptions.py first seen with mtime 1665294324.0002453
File C:\projects\django\studies\logger\Lib\site-packages\django\contrib\auth\forms.py first seen with mtime 1665294324.5712476
File C:\projects\django\studies\logger\Lib\site-packages\django\template\loaders\cached.py first seen with mtime 1665294326.7773483
File C:\Users\MO-SALAH\AppData\Local\Programs\Python\Python310\Lib\email\_header_value_parser.py first seen with mtime 1659416368.0
File C:\projects\django\studies\logger\Lib\site-packages\django\contrib\auth\backends.py first seen with mtime 1665294324.5672462
File C:\Users\MO-SALAH\AppData\Local\Programs\Python\Python310\Lib\_compression.py first seen with mtime 1659416368.0
File C:\Users\MO-SALAH\AppData\Local\Programs\Python\Python310\Lib\email\mime\__init__.py first seen with mtime 1659416368.0
File C:\projects\django\studies\logger\Lib\site-packages\sqlparse\tokens.py first seen with mtime 1665294323.380136
File C:\Users\MO-SALAH\AppData\Local\Programs\Python\Python310\Lib\email\charset.py first seen with mtime 1659416368.0
File C:\Users\MO-SALAH\AppData\Local\Programs\Python\Python310\Lib\zoneinfo\__init__.py first seen with mtime 1659416368.0
File C:\projects\django\studies\logger\Lib\site-packages\django\contrib\sessions\apps.py first seen with mtime 1665294326.0204256
File C:\projects\django\studies\logger\Lib\site-packages\django\views\defaults.py first seen with mtime 1665294326.8268137
File C:\projects\django\studies\logger\Lib\site-packages\django\template\loader.py first seen with mtime 1665294326.7692418
File C:\projects\django\studies\logger\Lib\site-packages\django\utils\module_loading.py first seen with mtime 1665294326.8158135
File C:\Users\MO-SALAH\AppData\Local\Programs\Python\Python310\Lib\glob.py first seen with mtime 1659416368.0
File C:\projects\django\studies\logger\Lib\site-packages\django\db\backends\sqlite3\creation.py first seen with mtime 1665294326.5546358
File C:\projects\django\studies\logger\Lib\site-packages\django\contrib\auth\apps.py first seen with mtime 1665294324.5672462
File C:\Users\MO-SALAH\AppData\Local\Programs\Python\Python310\Lib\email\mime\nonmultipart.py first seen with mtime 1659416368.0
File C:\projects\django\studies\logger\Lib\site-packages\django\db\backends\base\validation.py first seen with mtime 1665294326.5326357
File C:\projects\django\studies\logger\Lib\site-packages\django\db\models\functions\__init__.py first seen with mtime 1665294326.586636
File C:\projects\django\studies\logger\Lib\site-packages\django\db\models\sql\where.py first seen with mtime 1665294326.5956357
File C:\Users\MO-SALAH\AppData\Local\Programs\Python\Python310\Lib\email\parser.py first seen with mtime 1659416368.0
File C:\projects\django\studies\logger\Lib\site-packages\django\utils\autoreload.py first seen with mtime 1665294326.7978127
File C:\Users\MO-SALAH\AppData\Local\Programs\Python\Python310\Lib\json\encoder.py first seen with mtime 1659416368.0
File C:\projects\django\studies\logger\Lib\site-packages\django\contrib\admin\templatetags\log.py first seen with mtime 1665294324.4002461
File C:\projects\django\studies\logger\Lib\site-packages\django\core\handlers\exception.py first seen with mtime 1665294326.4876406
File C:\Users\MO-SALAH\AppData\Local\Programs\Python\Python310\Lib\email\encoders.py first seen with mtime 1659416368.0
File C:\projects\django\studies\logger\Lib\site-packages\django\core\files\base.py first seen with mtime 1665294326.4716358
File C:\projects\django\studies\logger\Lib\site-packages\django\db\backends\base\schema.py first seen with mtime 1665294326.5326357
File C:\projects\django\studies\logger\Lib\site-packages\django\dispatch\__init__.py first seen with mtime 1665294326.5956357
File C:\projects\django\studies\logger\Lib\site-packages\django\views\i18n.py first seen with mtime 1665294326.827814
File C:\projects\django\studies\logger\Lib\site-packages\sqlparse\sql.py first seen with mtime 1665294323.3791363
File C:\Users\MO-SALAH\AppData\Local\Programs\Python\Python310\DLLs\_ssl.pyd first seen with mtime 1659416398.0
File C:\Users\MO-SALAH\AppData\Local\Programs\Python\Python310\Lib\base64.py first seen with mtime 1659416368.0
File C:\Users\MO-SALAH\AppData\Local\Programs\Python\Python310\Lib\asyncio\sslproto.py first seen with mtime 1659416368.0
File C:\projects\django\studies\logger\Lib\site-packages\django\utils\dateformat.py first seen with mtime 1665294326.8018134
File C:\projects\django\studies\logger\Lib\site-packages\asgiref\local.py first seen with mtime 1665294323.6081724
File C:\Users\MO-SALAH\AppData\Local\Programs\Python\Python310\Lib\argparse.py first seen with mtime 1659416368.0
File C:\projects\django\studies\logger\Lib\site-packages\django\utils\deprecation.py first seen with mtime 1665294326.8048136
File C:\Users\MO-SALAH\AppData\Local\Programs\Python\Python310\Lib\encodings\cp1252.py first seen with mtime 1659416368.0
File C:\projects\django\studies\logger\Lib\site-packages\django\core\serializers\json.py first seen with mtime 1665294326.519636
File C:\projects\django\studies\logger\Lib\site-packages\django\core\checks\messages.py first seen with mtime 1665294326.4626355
File C:\Users\MO-SALAH\AppData\Local\Programs\Python\Python310\Lib\_compat_pickle.py first seen with mtime 1659416368.0
File C:\projects\django\studies\logger\Lib\site-packages\django\core\checks\files.py first seen with mtime 1665294326.4616356
File C:\projects\django\studies\logger\Lib\site-packages\django\contrib\auth\management\__init__.py first seen with mtime 1665294324.7142465
File C:\projects\django\studies\logger\Lib\site-packages\django\views\generic\detail.py first seen with mtime 1665294326.8348136
File C:\Users\MO-SALAH\AppData\Local\Programs\Python\Python310\DLLs\_bz2.pyd first seen with mtime 1659416398.0
File C:\projects\django\studies\logger\Lib\site-packages\django\core\cache\backends\locmem.py first seen with mtime 1665294326.4576373
File C:\Users\MO-SALAH\AppData\Local\Programs\Python\Python310\Lib\json\__init__.py first seen with mtime 1659416368.0
File C:\Users\MO-SALAH\AppData\Local\Programs\Python\Python310\Lib\statistics.py first seen with mtime 1659416368.0
File C:\projects\django\studies\logger\Lib\site-packages\django\core\files\__init__.py first seen with mtime 1665294326.4706364
File C:\projects\django\studies\logger\logger\todo\forms.py first seen with mtime 1665307922.051334
File C:\projects\django\studies\logger\Lib\site-packages\django\core\files\storage.py first seen with mtime 1665294326.4736357
File C:\projects\django\studies\logger\Lib\site-packages\django\utils\ipv6.py first seen with mtime 1665294326.81281
File C:\Users\MO-SALAH\AppData\Local\Programs\Python\Python310\Lib\email\iterators.py first seen with mtime 1659416368.0
File C:\projects\django\studies\logger\Lib\site-packages\django\contrib\admin\templatetags\admin_modify.py first seen with mtime 1665294324.3982465
File C:\projects\django\studies\logger\Lib\site-packages\django\core\signing.py first seen with mtime 1665294326.451636
File C:\projects\django\studies\logger\Lib\site-packages\django\db\models\fields\__init__.py first seen with mtime 1665294326.580636
File C:\projects\django\studies\logger\Lib\site-packages\django\middleware\csrf.py first seen with mtime 1665294326.7586408
File C:\Users\MO-SALAH\AppData\Local\Programs\Python\Python310\Lib\sqlite3\dbapi2.py first seen with mtime 1659416368.0
File C:\Users\MO-SALAH\AppData\Local\Programs\Python\Python310\Lib\importlib\_abc.py first seen with mtime 1659416368.0
File C:\projects\django\studies\logger\Lib\site-packages\django\contrib\admin\filters.py first seen with mtime 1665294324.0012465
File C:\projects\django\studies\logger\Lib\site-packages\sqlparse\exceptions.py first seen with mtime 1665294323.377136
File C:\projects\django\studies\logger\Lib\site-packages\django\shortcuts.py first seen with mtime 1665294323.727247
File C:\projects\django\studies\logger\Lib\site-packages\sqlparse\filters\aligned_indent.py first seen with mtime 1665294323.3891368
File C:\projects\django\studies\logger\logger\todo\apps.py first seen with mtime 1665294439.8683493
File C:\projects\django\studies\logger\Lib\site-packages\django\conf\locale\__init__.py first seen with mtime 1665294323.7392466
File C:\projects\django\studies\logger\Lib\site-packages\django\core\files\images.py first seen with mtime 1665294326.4716358
File C:\projects\django\studies\logger\Lib\site-packages\django\contrib\contenttypes\fields.py first seen with mtime 1665294324.7302477
File C:\Users\MO-SALAH\AppData\Local\Programs\Python\Python310\Lib\selectors.py first seen with mtime 1659416368.0
File C:\projects\django\studies\logger\Lib\site-packages\django\db\models\sql\__init__.py first seen with mtime 1665294326.5906353
File C:\projects\django\studies\logger\Lib\site-packages\django\contrib\messages\apps.py first seen with mtime 1665294325.6674266
File C:\projects\django\studies\logger\Lib\site-packages\django\core\management\base.py first seen with mtime 1665294326.4996357
File C:\Users\MO-SALAH\AppData\Local\Programs\Python\Python310\Lib\ast.py first seen with mtime 1659416368.0
File C:\projects\django\studies\logger\Lib\site-packages\django\core\paginator.py first seen with mtime 1665294326.450636
File C:\projects\django\studies\logger\Lib\site-packages\django\apps\__init__.py first seen with mtime 1665294323.7282522
File C:\projects\django\studies\logger\Lib\site-packages\django\db\models\lookups.py first seen with mtime 1665294326.5756357
File C:\Users\MO-SALAH\AppData\Local\Programs\Python\Python310\Lib\datetime.py first seen with mtime 1659416368.0
File C:\projects\django\studies\logger\Lib\site-packages\django\urls\utils.py first seen with mtime 1665294326.7948143
File C:\Users\MO-SALAH\AppData\Local\Programs\Python\Python310\Lib\email\utils.py first seen with mtime 1659416368.0
File C:\Users\MO-SALAH\AppData\Local\Programs\Python\Python310\Lib\struct.py first seen with mtime 1659416368.0
File C:\Users\MO-SALAH\AppData\Local\Programs\Python\Python310\Lib\concurrent\futures\_base.py first seen with mtime 1659416368.0
File C:\Users\MO-SALAH\AppData\Local\Programs\Python\Python310\Lib\lzma.py first seen with mtime 1659416368.0
File C:\Users\MO-SALAH\AppData\Local\Programs\Python\Python310\Lib\asyncio\tasks.py first seen with mtime 1659416368.0
File C:\Users\MO-SALAH\AppData\Local\Programs\Python\Python310\Lib\asyncio\exceptions.py first seen with mtime 1659416368.0
File C:\Users\MO-SALAH\AppData\Local\Programs\Python\Python310\Lib\html\parser.py first seen with mtime 1659416368.0
File C:\projects\django\studies\logger\Lib\site-packages\django\db\backends\sqlite3\introspection.py first seen with mtime 1665294326.555636
File C:\Users\MO-SALAH\AppData\Local\Programs\Python\Python310\Lib\asyncio\subprocess.py first seen with mtime 1659416368.0
File C:\projects\django\studies\logger\Lib\site-packages\django\contrib\auth\validators.py first seen with mtime 1665294324.5762458
File C:\projects\django\studies\logger\Lib\site-packages\django\template\loaders\base.py first seen with mtime 1665294326.7773483
File C:\Users\MO-SALAH\AppData\Local\Programs\Python\Python310\Lib\asyncio\windows_events.py first seen with mtime 1659416368.0
File C:\projects\django\studies\logger\Lib\site-packages\django\db\models\functions\datetime.py first seen with mtime 1665294326.587636
File C:\Users\MO-SALAH\AppData\Local\Programs\Python\Python310\Lib\multiprocessing\process.py first seen with mtime 1659416368.0
File C:\Users\MO-SALAH\AppData\Local\Programs\Python\Python310\Lib\importlib\util.py first seen with mtime 1659416368.0
File C:\projects\django\studies\logger\Lib\site-packages\django\forms\fields.py first seen with mtime 1665294326.5996354
File C:\projects\django\studies\logger\Lib\site-packages\django\core\servers\__init__.py first seen with mtime 1665294326.5226371
File C:\projects\django\studies\logger\Lib\site-packages\django\db\models\constants.py first seen with mtime 1665294326.572636
File C:\projects\django\studies\logger\Lib\site-packages\django\contrib\admin\templatetags\__init__.py first seen with mtime 1665294324.3972468
File C:\Users\MO-SALAH\AppData\Local\Programs\Python\Python310\Lib\sre_parse.py first seen with mtime 1659416368.0
File C:\Users\MO-SALAH\AppData\Local\Programs\Python\Python310\Lib\keyword.py first seen with mtime 1659416368.0
File C:\Users\MO-SALAH\AppData\Local\Programs\Python\Python310\Lib\hashlib.py first seen with mtime 1659416368.0
File C:\projects\django\studies\logger\Lib\site-packages\django\db\backends\base\creation.py first seen with mtime 1665294326.5296361
File C:\Users\MO-SALAH\AppData\Local\Programs\Python\Python310\Lib\asyncio\mixins.py first seen with mtime 1659416368.0
File C:\projects\django\studies\logger\Lib\site-packages\django\db\migrations\state.py first seen with mtime 1665294326.5656362
File C:\Users\MO-SALAH\AppData\Local\Programs\Python\Python310\Lib\ipaddress.py first seen with mtime 1659416368.0
File C:\projects\django\studies\logger\Lib\site-packages\django\db\backends\signals.py first seen with mtime 1665294326.526636
File C:\Users\MO-SALAH\AppData\Local\Programs\Python\Python310\Lib\bz2.py first seen with mtime 1659416368.0
File C:\projects\django\studies\logger\Lib\site-packages\django\contrib\admin\views\autocomplete.py first seen with mtime 1665294324.4012465
File C:\projects\django\studies\logger\Lib\site-packages\django\db\backends\sqlite3\client.py first seen with mtime 1665294326.5546358
File C:\projects\django\studies\logger\Lib\site-packages\django\core\checks\urls.py first seen with mtime 1665294326.465636
File C:\Users\MO-SALAH\AppData\Local\Programs\Python\Python310\Lib\traceback.py first seen with mtime 1659416368.0
File C:\projects\django\studies\logger\Lib\site-packages\sqlparse\filters\__init__.py first seen with mtime 1665294323.3881364
File C:\Users\MO-SALAH\AppData\Local\Programs\Python\Python310\Lib\wsgiref\util.py first seen with mtime 1659416368.0
File C:\projects\django\studies\logger\Lib\site-packages\django\utils\_os.py first seen with mtime 1665294326.7958138
File C:\projects\django\studies\logger\Lib\site-packages\django\db\models\utils.py first seen with mtime 1665294326.580636
File C:\projects\django\studies\logger\Lib\site-packages\django\core\cache\utils.py first seen with mtime 1665294326.453636
File C:\projects\django\studies\logger\Lib\site-packages\django\utils\text.py first seen with mtime 1665294326.8188126
File C:\projects\django\studies\logger\Lib\site-packages\django\db\models\sql\constants.py first seen with mtime 1665294326.5916362
File C:\projects\django\studies\logger\Lib\site-packages\django\urls\conf.py first seen with mtime 1665294326.7913475
File C:\projects\django\studies\logger\Lib\site-packages\django\utils\lorem_ipsum.py first seen with mtime 1665294326.8148122
File C:\projects\django\studies\logger\Lib\site-packages\django\template\loaders\__init__.py first seen with mtime 1665294326.775348
File C:\Users\MO-SALAH\AppData\Local\Programs\Python\Python310\Lib\asyncio\proactor_events.py first seen with mtime 1659416368.0
File C:\Users\MO-SALAH\AppData\Local\Programs\Python\Python310\Lib\email\headerregistry.py first seen with mtime 1659416368.0
File C:\projects\django\studies\logger\Lib\site-packages\django\utils\decorators.py first seen with mtime 1665294326.8048136
File C:\Users\MO-SALAH\AppData\Local\Programs\Python\Python310\Lib\asyncio\trsock.py first seen with mtime 1659416368.0
File C:\Users\MO-SALAH\AppData\Local\Programs\Python\Python310\Lib\importlib\machinery.py first seen with mtime 1659416368.0
File C:\projects\django\studies\logger\Lib\site-packages\django\core\checks\security\csrf.py first seen with mtime 1665294326.469637
File C:\projects\django\studies\logger\Lib\site-packages\django\template\base.py first seen with mtime 1665294326.7632406
File C:\projects\django\studies\logger\Lib\site-packages\django\contrib\contenttypes\admin.py first seen with mtime 1665294324.7282488
File C:\projects\django\studies\logger\Lib\site-packages\django\forms\renderers.py first seen with mtime 1665294326.6016355
File C:\Users\MO-SALAH\AppData\Local\Programs\Python\Python310\Lib\asyncio\coroutines.py first seen with mtime 1659416368.0
File C:\Users\MO-SALAH\AppData\Local\Programs\Python\Python310\Lib\asyncio\base_events.py first seen with mtime 1659416368.0
File C:\projects\django\studies\logger\Lib\site-packages\django\contrib\contenttypes\__init__.py first seen with mtime 1665294324.7282488
File C:\projects\django\studies\logger\Lib\site-packages\django\contrib\contenttypes\models.py first seen with mtime 1665294324.7322457
File C:\projects\django\studies\logger\Lib\site-packages\django\core\management\commands\__init__.py first seen with mtime 1665294326.5036361
File C:\Users\MO-SALAH\AppData\Local\Programs\Python\Python310\Lib\collections\abc.py first seen with mtime 1659416368.0
File C:\projects\django\studies\logger\Lib\site-packages\django\core\signals.py first seen with mtime 1665294326.450636
File C:\projects\django\studies\logger\Lib\site-packages\django\utils\numberformat.py first seen with mtime 1665294326.8158135
File C:\projects\django\studies\logger\Lib\site-packages\django\db\models\functions\comparison.py first seen with mtime 1665294326.587636
File C:\Users\MO-SALAH\AppData\Local\Programs\Python\Python310\DLLs\_ctypes.pyd first seen with mtime 1659416398.0
File C:\Users\MO-SALAH\AppData\Local\Programs\Python\Python310\DLLs\_lzma.pyd first seen with mtime 1659416398.0
File C:\projects\django\studies\logger\Lib\site-packages\django\http\request.py first seen with mtime 1665294326.755641
File C:\projects\django\studies\logger\Lib\site-packages\django\contrib\admin\actions.py first seen with mtime 1665294323.9982467
File C:\projects\django\studies\logger\Lib\site-packages\django\core\serializers\python.py first seen with mtime 1665294326.520636
File C:\Users\MO-SALAH\AppData\Local\Programs\Python\Python310\DLLs\_decimal.pyd first seen with mtime 1659416398.0
File C:\Users\MO-SALAH\AppData\Local\Programs\Python\Python310\Lib\tokenize.py first seen with mtime 1659416368.0
File C:\Users\MO-SALAH\AppData\Local\Programs\Python\Python310\Lib\multiprocessing\reduction.py first seen with mtime 1659416368.0
File C:\projects\django\studies\logger\logger\manage.py first seen with mtime 1665294356.6198447
File C:\Users\MO-SALAH\AppData\Local\Programs\Python\Python310\Lib\ctypes\__init__.py first seen with mtime 1659416368.0
File C:\projects\django\studies\logger\Lib\site-packages\_virtualenv.py first seen with mtime 1665294251.001553
File C:\Users\MO-SALAH\AppData\Local\Programs\Python\Python310\Lib\pickle.py first seen with mtime 1659416368.0
File C:\projects\django\studies\logger\Lib\site-packages\django\db\models\manager.py first seen with mtime 1665294326.576635
File C:\projects\django\studies\logger\Lib\site-packages\django\utils\crypto.py first seen with mtime 1665294326.8008137
File C:\projects\django\studies\logger\Lib\site-packages\django\core\management\color.py first seen with mtime 1665294326.5006359
File C:\projects\django\studies\logger\Lib\site-packages\django\core\checks\compatibility\django_4_0.py first seen with mtime 1665294326.4666362
File C:\projects\django\studies\logger\Lib\site-packages\django\views\decorators\debug.py first seen with mtime 1665294326.8318114
File C:\projects\django\studies\logger\Lib\site-packages\django\db\backends\ddl_references.py first seen with mtime 1665294326.5256362
File C:\projects\django\studies\logger\Lib\site-packages\django\db\migrations\operations\special.py first seen with mtime 1665294326.569637
File C:\Users\MO-SALAH\AppData\Local\Programs\Python\Python310\Lib\email\contentmanager.py first seen with mtime 1659416368.0
File C:\projects\django\studies\logger\Lib\site-packages\django\forms\__init__.py first seen with mtime 1665294326.5976362
File C:\projects\django\studies\logger\Lib\site-packages\django\forms\models.py first seen with mtime 1665294326.6016355
File C:\Users\MO-SALAH\AppData\Local\Programs\Python\Python310\Lib\functools.py first seen with mtime 1659416368.0
File C:\projects\django\studies\logger\Lib\site-packages\django\contrib\staticfiles\views.py first seen with mtime 1665294326.4438856
File C:\projects\django\studies\logger\Lib\site-packages\django\core\exceptions.py first seen with mtime 1665294326.4496279
File C:\Users\MO-SALAH\AppData\Local\Programs\Python\Python310\Lib\locale.py first seen with mtime 1659416368.0
File C:\Users\MO-SALAH\AppData\Local\Programs\Python\Python310\DLLs\select.pyd first seen with mtime 1659416398.0
File C:\projects\django\studies\logger\Lib\site-packages\django\contrib\sites\requests.py first seen with mtime 1665294326.1804256
File C:\projects\django\studies\logger\Lib\site-packages\django\db\models\sql\datastructures.py first seen with mtime 1665294326.5926356
File C:\projects\django\studies\logger\Lib\site-packages\django\templatetags\static.py first seen with mtime 1665294326.782351
File C:\projects\django\studies\logger\Lib\site-packages\django\contrib\auth\signals.py first seen with mtime 1665294324.5752466
File C:\projects\django\studies\logger\Lib\site-packages\django\contrib\admin\decorators.py first seen with mtime 1665294324.0002453
File C:\projects\django\studies\logger\Lib\site-packages\django\template\library.py first seen with mtime 1665294326.7682748
File C:\Users\MO-SALAH\AppData\Local\Programs\Python\Python310\Lib\wsgiref\headers.py first seen with mtime 1659416368.0
File C:\projects\django\studies\logger\Lib\site-packages\django\utils\http.py first seen with mtime 1665294326.8098137
File C:\projects\django\studies\logger\Lib\site-packages\django\db\backends\__init__.py first seen with mtime 1665294326.5256362
File C:\projects\django\studies\logger\Lib\site-packages\django\views\decorators\common.py first seen with mtime 1665294326.8308136
File C:\Users\MO-SALAH\AppData\Local\Programs\Python\Python310\Lib\asyncio\base_futures.py first seen with mtime 1659416368.0
File C:\Users\MO-SALAH\AppData\Local\Programs\Python\Python310\Lib\quopri.py first seen with mtime 1659416368.0
File C:\Users\MO-SALAH\AppData\Local\Programs\Python\Python310\Lib\re.py first seen with mtime 1659416368.0
File C:\projects\django\studies\logger\Lib\site-packages\django\db\backends\base\introspection.py first seen with mtime 1665294326.5306363
File C:\projects\django\studies\logger\Lib\site-packages\django\views\generic\__init__.py first seen with mtime 1665294326.8338137
File C:\projects\django\studies\logger\Lib\site-packages\django\urls\exceptions.py first seen with mtime 1665294326.793801
File C:\projects\django\studies\logger\Lib\site-packages\django\views\decorators\cache.py first seen with mtime 1665294326.8298135
File C:\Users\MO-SALAH\AppData\Local\Programs\Python\Python310\Lib\string.py first seen with mtime 1659416368.0
File C:\Users\MO-SALAH\AppData\Local\Programs\Python\Python310\Lib\posixpath.py first seen with mtime 1659416368.0
File C:\Users\MO-SALAH\AppData\Local\Programs\Python\Python310\Lib\asyncio\events.py first seen with mtime 1659416368.0
File C:\projects\django\studies\logger\Lib\site-packages\django\db\__init__.py first seen with mtime 1665294326.5236356
File C:\projects\django\studies\logger\Lib\site-packages\sqlparse\engine\filter_stack.py first seen with mtime 1665294323.38614
File C:\projects\django\studies\logger\Lib\site-packages\django\templatetags\l10n.py first seen with mtime 1665294326.7813509
File C:\projects\django\studies\logger\Lib\site-packages\django\db\backends\sqlite3\base.py first seen with mtime 1665294326.553636
File C:\Users\MO-SALAH\AppData\Local\Programs\Python\Python310\Lib\sre_constants.py first seen with mtime 1659416368.0
File C:\Users\MO-SALAH\AppData\Local\Programs\Python\Python310\Lib\wsgiref\handlers.py first seen with mtime 1659416368.0
File C:\projects\django\studies\logger\Lib\site-packages\django\db\models\indexes.py first seen with mtime 1665294326.5756357
File C:\Users\MO-SALAH\AppData\Local\Programs\Python\Python310\Lib\mimetypes.py first seen with mtime 1659416368.0
File C:\projects\django\studies\logger\Lib\site-packages\django\contrib\sites\__init__.py first seen with mtime 1665294326.1754262
File C:\projects\django\studies\logger\Lib\site-packages\django\db\backends\base\client.py first seen with mtime 1665294326.528636
File C:\projects\django\studies\logger\Lib\site-packages\django\utils\translation\__init__.py first seen with mtime 1665294326.8218136
File C:\projects\django\studies\logger\Lib\site-packages\django\core\mail\utils.py first seen with mtime 1665294326.492638
File C:\Users\MO-SALAH\AppData\Local\Programs\Python\Python310\Lib\http\client.py first seen with mtime 1659416368.0
File C:\projects\django\studies\logger\Lib\site-packages\django\db\migrations\__init__.py first seen with mtime 1665294326.5576355
File C:\projects\django\studies\logger\Lib\site-packages\django\core\checks\registry.py first seen with mtime 1665294326.4636364
File C:\projects\django\studies\logger\Lib\site-packages\django\utils\functional.py first seen with mtime 1665294326.8078134
File C:\projects\django\studies\logger\Lib\site-packages\django\utils\dates.py first seen with mtime 1665294326.802811
File C:\Users\MO-SALAH\AppData\Local\Programs\Python\Python310\Lib\shutil.py first seen with mtime 1659416368.0
File C:\projects\django\studies\logger\Lib\site-packages\django\template\utils.py first seen with mtime 1665294326.7710316
File C:\projects\django\studies\logger\Lib\site-packages\_distutils_hack\__init__.py first seen with mtime 1665294252.7463186
File C:\projects\django\studies\logger\Lib\site-packages\django\db\models\expressions.py first seen with mtime 1665294326.5746355
File C:\Users\MO-SALAH\AppData\Local\Programs\Python\Python310\Lib\asyncio\format_helpers.py first seen with mtime 1659416368.0
File C:\Users\MO-SALAH\AppData\Local\Programs\Python\Python310\Lib\html\entities.py first seen with mtime 1659416368.0
File C:\Users\MO-SALAH\AppData\Local\Programs\Python\Python310\Lib\warnings.py first seen with mtime 1659416368.0
File C:\projects\django\studies\logger\Lib\site-packages\django\forms\widgets.py first seen with mtime 1665294326.6036358
File C:\projects\django\studies\logger\Lib\site-packages\sqlparse\filters\tokens.py first seen with mtime 1665294323.3921368
File C:\projects\django\studies\logger\Lib\site-packages\django\db\backends\sqlite3\__init__.py first seen with mtime 1665294326.5526364
File C:\projects\django\studies\logger\Lib\site-packages\django\db\models\fields\reverse_related.py first seen with mtime 1665294326.585636
File C:\projects\django\studies\logger\Lib\site-packages\django\contrib\admin\__init__.py first seen with mtime 1665294323.9982467
File C:\projects\django\studies\logger\Lib\site-packages\django\contrib\admin\models.py first seen with mtime 1665294324.0032463
File C:\projects\django\studies\logger\Lib\site-packages\django\db\migrations\operations\fields.py first seen with mtime 1665294326.5686362
File C:\Users\MO-SALAH\AppData\Local\Programs\Python\Python310\Lib\encodings\utf_8.py first seen with mtime 1659416368.0
File C:\projects\django\studies\logger\Lib\site-packages\django\http\cookie.py first seen with mtime 1665294326.753642
File C:\projects\django\studies\logger\Lib\site-packages\django\forms\utils.py first seen with mtime 1665294326.6026359
File C:\Users\MO-SALAH\AppData\Local\Programs\Python\Python310\Lib\http\cookies.py first seen with mtime 1659416368.0
File C:\Users\MO-SALAH\AppData\Local\Programs\Python\Python310\Lib\_weakrefset.py first seen with mtime 1659416368.0
File C:\projects\django\studies\logger\Lib\site-packages\django\views\csrf.py first seen with mtime 1665294326.8258138
File C:\projects\django\studies\logger\Lib\site-packages\django\contrib\contenttypes\views.py first seen with mtime 1665294324.7322457
File C:\projects\django\studies\logger\Lib\site-packages\sqlparse\engine\statement_splitter.py first seen with mtime 1665294323.3881364
File C:\projects\django\studies\logger\Lib\site-packages\django\views\decorators\__init__.py first seen with mtime 1665294326.8288107
File C:\projects\django\studies\logger\Lib\site-packages\django\views\static.py first seen with mtime 1665294326.827814
File C:\projects\django\studies\logger\Lib\site-packages\django\views\generic\dates.py first seen with mtime 1665294326.8348136
File C:\projects\django\studies\logger\Lib\site-packages\django\db\migrations\migration.py first seen with mtime 1665294326.562636
File C:\Users\MO-SALAH\AppData\Local\Programs\Python\Python310\Lib\genericpath.py first seen with mtime 1659416368.0
File C:\projects\django\studies\logger\Lib\site-packages\django\core\serializers\__init__.py first seen with mtime 1665294326.5186393
File C:\Users\MO-SALAH\AppData\Local\Programs\Python\Python310\Lib\urllib\response.py first seen with mtime 1659416368.0
File C:\Users\MO-SALAH\AppData\Local\Programs\Python\Python310\Lib\email\mime\message.py first seen with mtime 1659416368.0
File C:\Users\MO-SALAH\AppData\Local\Programs\Python\Python310\Lib\json\decoder.py first seen with mtime 1659416368.0
File C:\projects\django\studies\logger\Lib\site-packages\django\utils\timesince.py first seen with mtime 1665294326.8188126
File C:\Users\MO-SALAH\AppData\Local\Programs\Python\Python310\Lib\abc.py first seen with mtime 1659416368.0
File C:\Users\MO-SALAH\AppData\Local\Programs\Python\Python310\Lib\pprint.py first seen with mtime 1659416368.0
File C:\projects\django\studies\logger\Lib\site-packages\django\core\validators.py first seen with mtime 1665294326.452636
File C:\projects\django\studies\logger\Lib\site-packages\django\contrib\contenttypes\management\__init__.py first seen with mtime 1665294324.862246
File C:\Users\MO-SALAH\AppData\Local\Programs\Python\Python310\Lib\logging\handlers.py first seen with mtime 1659416368.0
File C:\projects\django\studies\logger\Lib\site-packages\django\db\models\fields\files.py first seen with mtime 1665294326.5816355
File C:\Users\MO-SALAH\AppData\Local\Programs\Python\Python310\Lib\email\base64mime.py first seen with mtime 1659416368.0
File C:\projects\django\studies\logger\Lib\site-packages\django\db\models\sql\subqueries.py first seen with mtime 1665294326.5946352
File C:\Users\MO-SALAH\AppData\Local\Programs\Python\Python310\Lib\multiprocessing\context.py first seen with mtime 1659416368.0
File C:\projects\django\studies\logger\Lib\site-packages\django\db\models\fields\json.py first seen with mtime 1665294326.582637
File C:\Users\MO-SALAH\AppData\Local\Programs\Python\Python310\Lib\getpass.py first seen with mtime 1659416368.0
File C:\projects\django\studies\logger\Lib\site-packages\django\http\response.py first seen with mtime 1665294326.756641
File C:\Users\MO-SALAH\AppData\Local\Programs\Python\Python310\Lib\operator.py first seen with mtime 1659416368.0
File C:\projects\django\studies\logger\Lib\site-packages\django\contrib\staticfiles\__init__.py first seen with mtime 1665294326.438886
File C:\projects\django\studies\logger\Lib\site-packages\django\utils\translation\trans_real.py first seen with mtime 1665294326.8248136
File C:\projects\django\studies\logger\Lib\site-packages\django\core\servers\basehttp.py first seen with mtime 1665294326.5236356
File C:\Users\MO-SALAH\AppData\Local\Programs\Python\Python310\Lib\email\message.py first seen with mtime 1659416368.0
File C:\Users\MO-SALAH\AppData\Local\Programs\Python\Python310\Lib\ntpath.py first seen with mtime 1659416368.0
File C:\projects\django\studies\logger\Lib\site-packages\django\contrib\admin\templatetags\base.py first seen with mtime 1665294324.399247
File C:\projects\django\studies\logger\Lib\site-packages\django\core\checks\model_checks.py first seen with mtime 1665294326.4626355
File C:\Users\MO-SALAH\AppData\Local\Programs\Python\Python310\Lib\decimal.py first seen with mtime 1659416368.0
File C:\Users\MO-SALAH\AppData\Local\Programs\Python\Python310\Lib\tempfile.py first seen with mtime 1659416368.0
File C:\Users\MO-SALAH\AppData\Local\Programs\Python\Python310\Lib\dataclasses.py first seen with mtime 1659416368.0
File C:\projects\django\studies\logger\Lib\site-packages\django\db\migrations\operations\base.py first seen with mtime 1665294326.5686362
File C:\Users\MO-SALAH\AppData\Local\Programs\Python\Python310\Lib\os.py first seen with mtime 1659416368.0
File C:\Users\MO-SALAH\AppData\Local\Programs\Python\Python310\Lib\socketserver.py first seen with mtime 1659416368.0
File C:\projects\django\studies\logger\Lib\site-packages\sqlparse\filters\output.py first seen with mtime 1665294323.390137
File C:\Users\MO-SALAH\AppData\Local\Programs\Python\Python310\DLLs\_sqlite3.pyd first seen with mtime 1659416398.0
File C:\projects\django\studies\logger\Lib\site-packages\django\utils\inspect.py first seen with mtime 1665294326.8098137
File C:\projects\django\studies\logger\Lib\site-packages\django\utils\log.py first seen with mtime 1665294326.8148122
File C:\Users\MO-SALAH\AppData\Local\Programs\Python\Python310\Lib\hmac.py first seen with mtime 1659416368.0
File C:\Users\MO-SALAH\AppData\Local\Programs\Python\Python310\Lib\dis.py first seen with mtime 1659416368.0
File C:\Users\MO-SALAH\AppData\Local\Programs\Python\Python310\Lib\_sitebuiltins.py first seen with mtime 1659416368.0
File C:\projects\django\studies\logger\Lib\site-packages\django\core\files\uploadhandler.py first seen with mtime 1665294326.477637
File C:\Users\MO-SALAH\AppData\Local\Programs\Python\Python310\Lib\typing.py first seen with mtime 1659416368.0
File C:\projects\django\studies\logger\Lib\site-packages\django\apps\config.py first seen with mtime 1665294323.7292461
File C:\projects\django\studies\logger\Lib\site-packages\sqlparse\engine\__init__.py first seen with mtime 1665294323.3821366
File C:\Users\MO-SALAH\AppData\Local\Programs\Python\Python310\Lib\asyncio\windows_utils.py first seen with mtime 1659416368.0
File C:\projects\django\studies\logger\Lib\site-packages\django\template\loaders\app_directories.py first seen with mtime 1665294326.7763474
File C:\Users\MO-SALAH\AppData\Local\Programs\Python\Python310\Lib\fractions.py first seen with mtime 1659416368.0
File C:\Users\MO-SALAH\AppData\Local\Programs\Python\Python310\DLLs\unicodedata.pyd first seen with mtime 1659416400.0
File C:\Users\MO-SALAH\AppData\Local\Programs\Python\Python310\Lib\threading.py first seen with mtime 1659416368.0
File C:\Users\MO-SALAH\AppData\Local\Programs\Python\Python310\Lib\asyncio\threads.py first seen with mtime 1659416368.0
File C:\Users\MO-SALAH\AppData\Local\Programs\Python\Python310\Lib\copy.py first seen with mtime 1659416368.0
File C:\projects\django\studies\logger\Lib\site-packages\django\utils\deconstruct.py first seen with mtime 1665294326.8038101
File C:\Users\MO-SALAH\AppData\Local\Programs\Python\Python310\Lib\enum.py first seen with mtime 1659416368.0
File C:\Users\MO-SALAH\AppData\Local\Programs\Python\Python310\Lib\stat.py first seen with mtime 1659416368.0
File C:\projects\django\studies\logger\Lib\site-packages\django\db\backends\base\base.py first seen with mtime 1665294326.528636
File C:\projects\django\studies\logger\Lib\site-packages\django\template\backends\base.py first seen with mtime 1665294326.773031
File C:\projects\django\studies\logger\Lib\site-packages\django\db\migrations\operations\__init__.py first seen with mtime 1665294326.567636
File C:\projects\django\studies\logger\Lib\site-packages\django\db\migrations\operations\models.py first seen with mtime 1665294326.569637
File C:\Users\MO-SALAH\AppData\Local\Programs\Python\Python310\Lib\email\header.py first seen with mtime 1659416368.0
File C:\Users\MO-SALAH\AppData\Local\Programs\Python\Python310\Lib\email\policy.py first seen with mtime 1659416368.0
File C:\projects\django\studies\logger\logger\todo\admin.py first seen with mtime 1665306568.5781226
File C:\projects\django\studies\logger\Lib\site-packages\sqlparse\__init__.py first seen with mtime 1665294323.3741364
File C:\projects\django\studies\logger\Lib\site-packages\django\template\smartif.py first seen with mtime 1665294326.7710316
File C:\projects\django\studies\logger\Lib\site-packages\django\core\files\utils.py first seen with mtime 1665294326.4786355
File C:\Users\MO-SALAH\AppData\Local\Programs\Python\Python310\Lib\asyncio\base_subprocess.py first seen with mtime 1659416368.0
File C:\Users\MO-SALAH\AppData\Local\Programs\Python\Python310\Lib\asyncio\protocols.py first seen with mtime 1659416368.0
File C:\projects\django\studies\logger\logger\todo\__init__.py first seen with mtime 1665294439.3043504
File C:\projects\django\studies\logger\logger\todo\models.py first seen with mtime 1665306491.3709393
File C:\projects\django\studies\logger\Lib\site-packages\django\conf\global_settings.py first seen with mtime 1665294323.7312465
File C:\Users\MO-SALAH\AppData\Local\Programs\Python\Python310\Lib\asyncio\queues.py first seen with mtime 1659416368.0
File C:\projects\django\studies\logger\Lib\site-packages\django\contrib\admin\templatetags\admin_list.py first seen with mtime 1665294324.3972468
File C:\Users\MO-SALAH\AppData\Local\Programs\Python\Python310\Lib\concurrent\__init__.py first seen with mtime 1659416368.0
File C:\projects\django\studies\logger\Lib\site-packages\django\db\models\query_utils.py first seen with mtime 1665294326.5786357
File C:\projects\django\studies\logger\Lib\site-packages\django\contrib\messages\__init__.py first seen with mtime 1665294325.6654255
File C:\projects\django\studies\logger\logger\templates\base.html first seen with mtime 1665307138.6140516
File C:\projects\django\studies\logger\logger\templates\create_post.html first seen with mtime 1665308313.7615309
File C:\projects\django\studies\logger\logger\templates\edit_post.html first seen with mtime 1665308627.505519
File C:\projects\django\studies\logger\logger\templates\list_post.html first seen with mtime 1665309902.2187319
File C:\projects\django\studies\logger\logger\templates\post_detail.html first seen with mtime 1665309556.8997073
File C:\projects\django\studies\logger\Lib\site-packages\django\middleware\common.py first seen with mtime 1665294326.7586408
File C:\projects\django\studies\logger\Lib\site-packages\django\middleware\security.py first seen with mtime 1665294326.7612312
File C:\projects\django\studies\logger\Lib\site-packages\django\contrib\sessions\backends\base.py first seen with mtime 1665294326.0234263
File C:\projects\django\studies\logger\Lib\site-packages\django\contrib\auth\migrations\0007_alter_validators_add_error_messages.py first seen with mtime 1665294324.7222464
File C:\projects\django\studies\logger\Lib\site-packages\django\contrib\sessions\backends\__init__.py first seen with mtime 1665294326.0234263
File C:\projects\django\studies\logger\Lib\site-packages\django\contrib\messages\middleware.py first seen with mtime 1665294325.6684268
File C:\projects\django\studies\logger\logger\todo\migrations\__init__.py first seen with mtime 1665294439.3053854
File C:\projects\django\studies\logger\Lib\site-packages\django\contrib\admin\migrations\0002_logentry_remove_auto_add.py first seen with mtime 1665294324.2892463
File C:\projects\django\studies\logger\Lib\site-packages\django\contrib\sessions\migrations\__init__.py first seen with mtime 1665294326.1704261
File C:\projects\django\studies\logger\Lib\site-packages\django\contrib\admin\migrations\0003_logentry_add_action_flag_choices.py first seen with mtime 1665294324.2892463
File C:\projects\django\studies\logger\Lib\site-packages\django\contrib\auth\migrations\0009_alter_user_last_name_max_length.py first seen with mtime 1665294324.7232459
File C:\projects\django\studies\logger\logger\logger\wsgi.py first seen with mtime 1665294356.6178465
File C:\projects\django\studies\logger\Lib\site-packages\django\contrib\contenttypes\migrations\__init__.py first seen with mtime 1665294324.8642466
File C:\projects\django\studies\logger\Lib\site-packages\django\contrib\auth\migrations\0005_alter_user_last_login_null.py first seen with mtime 1665294324.721246
File C:\projects\django\studies\logger\Lib\site-packages\django\contrib\auth\migrations\0002_alter_permission_name_max_length.py first seen with mtime 1665294324.719246
File C:\projects\django\studies\logger\Lib\site-packages\django\middleware\clickjacking.py first seen with mtime 1665294326.7576406
File C:\projects\django\studies\logger\Lib\site-packages\django\contrib\auth\migrations\0008_alter_user_username_max_length.py first seen with mtime 1665294324.7222464
File C:\projects\django\studies\logger\Lib\site-packages\django\contrib\auth\migrations\0006_require_contenttypes_0002.py first seen with mtime 1665294324.721246
File C:\projects\django\studies\logger\Lib\site-packages\django\contrib\sessions\middleware.py first seen with mtime 1665294326.021426
File C:\projects\django\studies\logger\Lib\site-packages\django\contrib\sessions\migrations\0001_initial.py first seen with mtime 1665294326.1704261
File C:\projects\django\studies\logger\Lib\site-packages\django\contrib\auth\migrations\0001_initial.py first seen with mtime 1665294324.719246
File C:\projects\django\studies\logger\Lib\site-packages\django\db\migrations\recorder.py first seen with mtime 1665294326.564636
File C:\projects\django\studies\logger\Lib\site-packages\django\contrib\auth\migrations\0004_alter_user_username_opts.py first seen with mtime 1665294324.720246
File C:\Users\MO-SALAH\AppData\Local\Programs\Python\Python310\Lib\encodings\idna.py first seen with mtime 1659416368.0
File C:\projects\django\studies\logger\Lib\site-packages\django\contrib\admin\migrations\__init__.py first seen with mtime 1665294324.2902472
File C:\projects\django\studies\logger\Lib\site-packages\django\contrib\auth\migrations\0011_update_proxy_permissions.py first seen with mtime 1665294324.724246
File C:\projects\django\studies\logger\Lib\site-packages\django\contrib\auth\migrations\0003_alter_user_email_max_length.py first seen with mtime 1665294324.720246
File C:\projects\django\studies\logger\Lib\site-packages\django\contrib\auth\migrations\0010_alter_group_name_max_length.py first seen with mtime 1665294324.724246
File C:\projects\django\studies\logger\logger\todo\migrations\0001_initial.py first seen with mtime 1665306662.4594624
File C:\projects\django\studies\logger\Lib\site-packages\django\contrib\contenttypes\migrations\0001_initial.py first seen with mtime 1665294324.8632462
File C:\projects\django\studies\logger\Lib\site-packages\django\contrib\sessions\exceptions.py first seen with mtime 1665294326.021426
File C:\projects\django\studies\logger\Lib\site-packages\django\contrib\contenttypes\migrations\0002_remove_content_type_name.py first seen with mtime 1665294324.8642466
File C:\Users\MO-SALAH\AppData\Local\Programs\Python\Python310\Lib\stringprep.py first seen with mtime 1659416368.0
File C:\projects\django\studies\logger\Lib\site-packages\django\db\models\sql\compiler.py first seen with mtime 1665294326.5916362
File C:\projects\django\studies\logger\Lib\site-packages\django\contrib\auth\migrations\0012_alter_user_first_name_max_length.py first seen with mtime 1665294324.7252462
File C:\projects\django\studies\logger\Lib\site-packages\django\db\migrations\loader.py first seen with mtime 1665294326.5616362
File C:\projects\django\studies\logger\Lib\site-packages\django\contrib\auth\migrations\__init__.py first seen with mtime 1665294324.7252462
File C:\projects\django\studies\logger\Lib\site-packages\django\contrib\sessions\backends\db.py first seen with mtime 1665294326.0254257
File C:\projects\django\studies\logger\Lib\site-packages\django\db\migrations\executor.py first seen with mtime 1665294326.5606365
File C:\projects\django\studies\logger\Lib\site-packages\django\contrib\admin\migrations\0001_initial.py first seen with mtime 1665294324.288247
File C:\projects\django\studies\logger\Lib\site-packages\django\db\migrations\graph.py first seen with mtime 1665294326.5606365
Exception while resolving variable 'foorloop' in template 'list_post.html'.
Traceback (most recent call last):
  File "C:\projects\django\studies\logger\lib\site-packages\django\template\base.py", line 880, in _resolve_lookup
    current = current[bit]
  File "C:\projects\django\studies\logger\lib\site-packages\django\template\context.py", line 83, in __getitem__
    raise KeyError(key)
KeyError: 'foorloop'

During handling of the above exception, another exception occurred:

Traceback (most recent call last):
  File "C:\projects\django\studies\logger\lib\site-packages\django\template\base.py", line 886, in _resolve_lookup
    if isinstance(current, BaseContext) and getattr(
AttributeError: type object 'RequestContext' has no attribute 'foorloop'

During handling of the above exception, another exception occurred:

Traceback (most recent call last):
  File "C:\projects\django\studies\logger\lib\site-packages\django\template\base.py", line 896, in _resolve_lookup
    current = current[int(bit)]
ValueError: invalid literal for int() with base 10: 'foorloop'

During handling of the above exception, another exception occurred:

Traceback (most recent call last):
  File "C:\projects\django\studies\logger\lib\site-packages\django\template\base.py", line 903, in _resolve_lookup
    raise VariableDoesNotExist(
django.template.base.VariableDoesNotExist: Failed lookup for key [foorloop] in [{'True': True, 'False': False, 'None': None}, {'csrf_token': <SimpleLazyObject: <function csrf.<locals>._get_val at 0x000001CFF70CCC10>>, 'request': <WSGIRequest: GET '/list-posts/'>, 'user': <SimpleLazyObject: <function AuthenticationMiddleware.process_request.<locals>.<lambda> at 0x000001CFF7063F40>>, 'perms': PermWrapper(<SimpleLazyObject: <function AuthenticationMiddleware.process_request.<locals>.<lambda> at 0x000001CFF7063F40>>), 'messages': <FallbackStorage: request=<WSGIRequest: GET '/list-posts/'>>, 'DEFAULT_MESSAGE_LEVELS': {'DEBUG': 10, 'INFO': 20, 'SUCCESS': 25, 'WARNING': 30, 'ERROR': 40}}, {}, {'posts': <QuerySet [<Post: TESTdd>, <Post: TEST>]>}, {'block': <Block Node: content. Contents: [<TextNode: '\n\n<div class="container">'>, <ForNode: for each in posts, tail_len: 13>, <TextNode: '\n\n\n  </tbody>\n</table>\n  '>]>}, {'forloop': {'parentloop': {}, 'counter0': 0, 'counter': 1, 'revcounter': 2, 'revcounter0': 1, 'first': True, 'last': False}, 'each': <Post: TESTdd>}]
Exception while resolving variable 'foorloop' in template 'list_post.html'.
Traceback (most recent call last):
  File "C:\projects\django\studies\logger\lib\site-packages\django\template\base.py", line 880, in _resolve_lookup
    current = current[bit]
  File "C:\projects\django\studies\logger\lib\site-packages\django\template\context.py", line 83, in __getitem__
    raise KeyError(key)
KeyError: 'foorloop'

During handling of the above exception, another exception occurred:

Traceback (most recent call last):
  File "C:\projects\django\studies\logger\lib\site-packages\django\template\base.py", line 886, in _resolve_lookup
    if isinstance(current, BaseContext) and getattr(
AttributeError: type object 'RequestContext' has no attribute 'foorloop'

During handling of the above exception, another exception occurred:

Traceback (most recent call last):
  File "C:\projects\django\studies\logger\lib\site-packages\django\template\base.py", line 896, in _resolve_lookup
    current = current[int(bit)]
ValueError: invalid literal for int() with base 10: 'foorloop'

During handling of the above exception, another exception occurred:

Traceback (most recent call last):
  File "C:\projects\django\studies\logger\lib\site-packages\django\template\base.py", line 903, in _resolve_lookup
    raise VariableDoesNotExist(
django.template.base.VariableDoesNotExist: Failed lookup for key [foorloop] in [{'True': True, 'False': False, 'None': None}, {'csrf_token': <SimpleLazyObject: <function csrf.<locals>._get_val at 0x000001CFF70CCC10>>, 'request': <WSGIRequest: GET '/list-posts/'>, 'user': <SimpleLazyObject: <function AuthenticationMiddleware.process_request.<locals>.<lambda> at 0x000001CFF7063F40>>, 'perms': PermWrapper(<SimpleLazyObject: <function AuthenticationMiddleware.process_request.<locals>.<lambda> at 0x000001CFF7063F40>>), 'messages': <FallbackStorage: request=<WSGIRequest: GET '/list-posts/'>>, 'DEFAULT_MESSAGE_LEVELS': {'DEBUG': 10, 'INFO': 20, 'SUCCESS': 25, 'WARNING': 30, 'ERROR': 40}}, {}, {'posts': <QuerySet [<Post: TESTdd>, <Post: TEST>]>}, {'block': <Block Node: content. Contents: [<TextNode: '\n\n<div class="container">'>, <ForNode: for each in posts, tail_len: 13>, <TextNode: '\n\n\n  </tbody>\n</table>\n  '>]>}, {'forloop': {'parentloop': {}, 'counter0': 1, 'counter': 2, 'revcounter': 1, 'revcounter0': 0, 'first': False, 'last': True}, 'each': <Post: TEST>}]
"GET /list-posts/ HTTP/1.1" 200 2282
File C:\projects\django\studies\logger\Lib\site-packages\django\contrib\auth\context_processors.py first seen with mtime 1665294324.5692463
File C:\projects\django\studies\logger\Lib\site-packages\django\contrib\sessions\serializers.py first seen with mtime 1665294326.0224264
File C:\projects\django\studies\logger\Lib\site-packages\django\template\context_processors.py first seen with mtime 1665294326.765242
File C:\projects\django\studies\logger\Lib\site-packages\django\contrib\messages\storage\fallback.py first seen with mtime 1665294325.6724267
File C:\projects\django\studies\logger\Lib\site-packages\django\contrib\messages\storage\session.py first seen with mtime 1665294325.6724267
File C:\projects\django\studies\logger\Lib\site-packages\django\contrib\messages\storage\cookie.py first seen with mtime 1665294325.671426
File C:\Users\MO-SALAH\AppData\Local\Programs\Python\Python310\Lib\importlib\resources.py first seen with mtime 1659416368.0
File C:\Users\MO-SALAH\AppData\Local\Programs\Python\Python310\Lib\importlib\_common.py first seen with mtime 1659416368.0
File C:\Users\MO-SALAH\AppData\Local\Programs\Python\Python310\Lib\importlib\_adapters.py first seen with mtime 1659416368.0
File C:\Users\MO-SALAH\AppData\Local\Programs\Python\Python310\Lib\zipfile.py first seen with mtime 1659416368.0
File C:\projects\django\studies\logger\Lib\site-packages\tzdata\__init__.py first seen with mtime 1665294322.9323094
File C:\projects\django\studies\logger\Lib\site-packages\tzdata\zoneinfo\__init__.py first seen with mtime 1665294322.958027
File C:\Users\MO-SALAH\AppData\Local\Programs\Python\Python310\Lib\importlib\readers.py first seen with mtime 1659416368.0
File C:\Users\MO-SALAH\AppData\Local\Programs\Python\Python310\Lib\importlib\abc.py first seen with mtime 1659416368.0
File C:\projects\django\studies\logger\Lib\site-packages\django\conf\locale\en\__init__.py first seen with mtime 1665294323.7842467
File C:\projects\django\studies\logger\Lib\site-packages\django\contrib\messages\context_processors.py first seen with mtime 1665294325.6684268
File C:\projects\django\studies\logger\Lib\site-packages\django\conf\locale\en\formats.py first seen with mtime 1665294323.7842467
"GET /edit-post/2/ HTTP/1.1" 200 2209
